{"E:\\quanlyhs\\quanlyhs_be\\api\\controllers\\ClassController.js":{"path":"E:\\quanlyhs\\quanlyhs_be\\api\\controllers\\ClassController.js","statementMap":{"0":{"start":{"line":1,"column":0},"end":{"line":104,"column":2}},"1":{"start":{"line":4,"column":8},"end":{"line":20,"column":9}},"2":{"start":{"line":5,"column":50},"end":{"line":5,"column":58}},"3":{"start":{"line":6,"column":12},"end":{"line":8,"column":13}},"4":{"start":{"line":7,"column":16},"end":{"line":7,"column":76}},"5":{"start":{"line":9,"column":26},"end":{"line":9,"column":44}},"6":{"start":{"line":10,"column":26},"end":{"line":10,"column":62}},"7":{"start":{"line":11,"column":12},"end":{"line":13,"column":13}},"8":{"start":{"line":12,"column":16},"end":{"line":12,"column":85}},"9":{"start":{"line":14,"column":29},"end":{"line":14,"column":85}},"10":{"start":{"line":15,"column":12},"end":{"line":15,"column":51}},"11":{"start":{"line":18,"column":12},"end":{"line":18,"column":57}},"12":{"start":{"line":19,"column":12},"end":{"line":19,"column":92}},"13":{"start":{"line":25,"column":8},"end":{"line":41,"column":9}},"14":{"start":{"line":26,"column":23},"end":{"line":26,"column":38}},"15":{"start":{"line":27,"column":12},"end":{"line":35,"column":13}},"16":{"start":{"line":28,"column":32},"end":{"line":28,"column":52}},"17":{"start":{"line":29,"column":28},"end":{"line":29,"column":55}},"18":{"start":{"line":30,"column":16},"end":{"line":32,"column":17}},"19":{"start":{"line":31,"column":20},"end":{"line":31,"column":83}},"20":{"start":{"line":33,"column":33},"end":{"line":33,"column":70}},"21":{"start":{"line":34,"column":16},"end":{"line":34,"column":71}},"22":{"start":{"line":36,"column":25},"end":{"line":36,"column":66}},"23":{"start":{"line":37,"column":12},"end":{"line":37,"column":47}},"24":{"start":{"line":39,"column":12},"end":{"line":39,"column":55}},"25":{"start":{"line":40,"column":12},"end":{"line":40,"column":92}},"26":{"start":{"line":46,"column":8},"end":{"line":66,"column":9}},"27":{"start":{"line":47,"column":23},"end":{"line":47,"column":38}},"28":{"start":{"line":48,"column":57},"end":{"line":48,"column":65}},"29":{"start":{"line":50,"column":12},"end":{"line":52,"column":13}},"30":{"start":{"line":51,"column":16},"end":{"line":51,"column":76}},"31":{"start":{"line":53,"column":26},"end":{"line":53,"column":44}},"32":{"start":{"line":54,"column":26},"end":{"line":54,"column":62}},"33":{"start":{"line":55,"column":12},"end":{"line":57,"column":13}},"34":{"start":{"line":56,"column":16},"end":{"line":56,"column":85}},"35":{"start":{"line":58,"column":28},"end":{"line":58,"column":99}},"36":{"start":{"line":59,"column":12},"end":{"line":61,"column":13}},"37":{"start":{"line":60,"column":16},"end":{"line":60,"column":79}},"38":{"start":{"line":62,"column":12},"end":{"line":62,"column":50}},"39":{"start":{"line":64,"column":12},"end":{"line":64,"column":57}},"40":{"start":{"line":65,"column":12},"end":{"line":65,"column":92}},"41":{"start":{"line":71,"column":8},"end":{"line":80,"column":9}},"42":{"start":{"line":72,"column":23},"end":{"line":72,"column":38}},"43":{"start":{"line":73,"column":12},"end":{"line":73,"column":81}},"44":{"start":{"line":73,"column":21},"end":{"line":73,"column":81}},"45":{"start":{"line":74,"column":33},"end":{"line":74,"column":63}},"46":{"start":{"line":75,"column":12},"end":{"line":75,"column":94}},"47":{"start":{"line":75,"column":31},"end":{"line":75,"column":94}},"48":{"start":{"line":76,"column":12},"end":{"line":76,"column":55}},"49":{"start":{"line":78,"column":12},"end":{"line":78,"column":57}},"50":{"start":{"line":79,"column":12},"end":{"line":79,"column":92}},"51":{"start":{"line":84,"column":8},"end":{"line":101,"column":9}},"52":{"start":{"line":85,"column":31},"end":{"line":85,"column":62}},"53":{"start":{"line":86,"column":12},"end":{"line":88,"column":13}},"54":{"start":{"line":87,"column":16},"end":{"line":87,"column":80}},"55":{"start":{"line":89,"column":31},"end":{"line":89,"column":87}},"56":{"start":{"line":90,"column":27},"end":{"line":95,"column":13}},"57":{"start":{"line":96,"column":27},"end":{"line":96,"column":78}},"58":{"start":{"line":97,"column":12},"end":{"line":97,"column":49}},"59":{"start":{"line":99,"column":12},"end":{"line":99,"column":57}},"60":{"start":{"line":100,"column":12},"end":{"line":100,"column":92}}},"fnMap":{"0":{"name":"(anonymous_0)","decl":{"start":{"line":3,"column":17},"end":{"line":3,"column":18}},"loc":{"start":{"line":3,"column":37},"end":{"line":21,"column":5}},"line":3},"1":{"name":"(anonymous_1)","decl":{"start":{"line":24,"column":15},"end":{"line":24,"column":16}},"loc":{"start":{"line":24,"column":35},"end":{"line":42,"column":5}},"line":24},"2":{"name":"(anonymous_2)","decl":{"start":{"line":45,"column":17},"end":{"line":45,"column":18}},"loc":{"start":{"line":45,"column":37},"end":{"line":67,"column":5}},"line":45},"3":{"name":"(anonymous_3)","decl":{"start":{"line":70,"column":17},"end":{"line":70,"column":18}},"loc":{"start":{"line":70,"column":37},"end":{"line":81,"column":5}},"line":70},"4":{"name":"(anonymous_4)","decl":{"start":{"line":83,"column":17},"end":{"line":83,"column":18}},"loc":{"start":{"line":83,"column":37},"end":{"line":102,"column":5}},"line":83}},"branchMap":{"0":{"loc":{"start":{"line":6,"column":12},"end":{"line":8,"column":13}},"type":"if","locations":[{"start":{"line":6,"column":12},"end":{"line":8,"column":13}},{"start":{},"end":{}}],"line":6},"1":{"loc":{"start":{"line":6,"column":16},"end":{"line":6,"column":48}},"type":"binary-expr","locations":[{"start":{"line":6,"column":16},"end":{"line":6,"column":21}},{"start":{"line":6,"column":25},"end":{"line":6,"column":36}},{"start":{"line":6,"column":40},"end":{"line":6,"column":48}}],"line":6},"2":{"loc":{"start":{"line":11,"column":12},"end":{"line":13,"column":13}},"type":"if","locations":[{"start":{"line":11,"column":12},"end":{"line":13,"column":13}},{"start":{},"end":{}}],"line":11},"3":{"loc":{"start":{"line":27,"column":12},"end":{"line":35,"column":13}},"type":"if","locations":[{"start":{"line":27,"column":12},"end":{"line":35,"column":13}},{"start":{},"end":{}}],"line":27},"4":{"loc":{"start":{"line":30,"column":16},"end":{"line":32,"column":17}},"type":"if","locations":[{"start":{"line":30,"column":16},"end":{"line":32,"column":17}},{"start":{},"end":{}}],"line":30},"5":{"loc":{"start":{"line":50,"column":12},"end":{"line":52,"column":13}},"type":"if","locations":[{"start":{"line":50,"column":12},"end":{"line":52,"column":13}},{"start":{},"end":{}}],"line":50},"6":{"loc":{"start":{"line":50,"column":16},"end":{"line":50,"column":55}},"type":"binary-expr","locations":[{"start":{"line":50,"column":16},"end":{"line":50,"column":19}},{"start":{"line":50,"column":23},"end":{"line":50,"column":28}},{"start":{"line":50,"column":32},"end":{"line":50,"column":43}},{"start":{"line":50,"column":47},"end":{"line":50,"column":55}}],"line":50},"7":{"loc":{"start":{"line":55,"column":12},"end":{"line":57,"column":13}},"type":"if","locations":[{"start":{"line":55,"column":12},"end":{"line":57,"column":13}},{"start":{},"end":{}}],"line":55},"8":{"loc":{"start":{"line":59,"column":12},"end":{"line":61,"column":13}},"type":"if","locations":[{"start":{"line":59,"column":12},"end":{"line":61,"column":13}},{"start":{},"end":{}}],"line":59},"9":{"loc":{"start":{"line":73,"column":12},"end":{"line":73,"column":81}},"type":"if","locations":[{"start":{"line":73,"column":12},"end":{"line":73,"column":81}},{"start":{},"end":{}}],"line":73},"10":{"loc":{"start":{"line":75,"column":12},"end":{"line":75,"column":94}},"type":"if","locations":[{"start":{"line":75,"column":12},"end":{"line":75,"column":94}},{"start":{},"end":{}}],"line":75},"11":{"loc":{"start":{"line":85,"column":32},"end":{"line":85,"column":54}},"type":"binary-expr","locations":[{"start":{"line":85,"column":32},"end":{"line":85,"column":48}},{"start":{"line":85,"column":52},"end":{"line":85,"column":54}}],"line":85},"12":{"loc":{"start":{"line":86,"column":12},"end":{"line":88,"column":13}},"type":"if","locations":[{"start":{"line":86,"column":12},"end":{"line":88,"column":13}},{"start":{},"end":{}}],"line":86}},"s":{"0":1,"1":4,"2":4,"3":4,"4":1,"5":3,"6":3,"7":3,"8":1,"9":2,"10":1,"11":1,"12":1,"13":4,"14":4,"15":4,"16":2,"17":2,"18":2,"19":1,"20":1,"21":1,"22":2,"23":1,"24":1,"25":1,"26":5,"27":5,"28":5,"29":5,"30":1,"31":4,"32":4,"33":4,"34":1,"35":3,"36":2,"37":1,"38":1,"39":1,"40":1,"41":4,"42":4,"43":4,"44":1,"45":3,"46":2,"47":1,"48":1,"49":1,"50":1,"51":4,"52":4,"53":4,"54":2,"55":2,"56":1,"57":1,"58":1,"59":1,"60":1},"f":{"0":4,"1":4,"2":5,"3":4,"4":4},"b":{"0":[1,3],"1":[4,3,3],"2":[1,2],"3":[2,2],"4":[1,1],"5":[1,4],"6":[5,5,5,4],"7":[1,3],"8":[1,1],"9":[1,3],"10":[1,1],"11":[4,1],"12":[2,2]},"_coverageSchema":"1a1c01bbd47fc00a2c39e90264f33305004495a9","hash":"d498d052a6cb3f0fdc0475608933d630b01dba6f","contentHash":"7832da2b2044b4ac1ad3f63aa8e2f03979b6526b33d7ecc89be54679e755e801"}}