{"E:\\quanlyhs\\quanlyhs_be\\api\\controllers\\AuthController.js":{"path":"E:\\quanlyhs\\quanlyhs_be\\api\\controllers\\AuthController.js","statementMap":{},"fnMap":{},"branchMap":{},"s":{},"f":{},"b":{},"all":true},"E:\\quanlyhs\\quanlyhs_be\\api\\controllers\\ClassController.js":{"path":"E:\\quanlyhs\\quanlyhs_be\\api\\controllers\\ClassController.js","statementMap":{"0":{"start":{"line":1,"column":0},"end":{"line":104,"column":2}},"1":{"start":{"line":4,"column":8},"end":{"line":20,"column":9}},"2":{"start":{"line":5,"column":50},"end":{"line":5,"column":58}},"3":{"start":{"line":6,"column":12},"end":{"line":8,"column":13}},"4":{"start":{"line":7,"column":16},"end":{"line":7,"column":76}},"5":{"start":{"line":10,"column":26},"end":{"line":10,"column":62}},"6":{"start":{"line":11,"column":12},"end":{"line":13,"column":13}},"7":{"start":{"line":12,"column":16},"end":{"line":12,"column":85}},"8":{"start":{"line":14,"column":29},"end":{"line":14,"column":85}},"9":{"start":{"line":15,"column":12},"end":{"line":15,"column":51}},"10":{"start":{"line":18,"column":12},"end":{"line":18,"column":57}},"11":{"start":{"line":19,"column":12},"end":{"line":19,"column":92}},"12":{"start":{"line":25,"column":8},"end":{"line":41,"column":9}},"13":{"start":{"line":26,"column":23},"end":{"line":26,"column":38}},"14":{"start":{"line":27,"column":12},"end":{"line":35,"column":13}},"15":{"start":{"line":28,"column":32},"end":{"line":28,"column":52}},"16":{"start":{"line":29,"column":28},"end":{"line":29,"column":55}},"17":{"start":{"line":30,"column":16},"end":{"line":32,"column":17}},"18":{"start":{"line":31,"column":20},"end":{"line":31,"column":83}},"19":{"start":{"line":33,"column":33},"end":{"line":33,"column":70}},"20":{"start":{"line":34,"column":16},"end":{"line":34,"column":71}},"21":{"start":{"line":36,"column":25},"end":{"line":36,"column":66}},"22":{"start":{"line":37,"column":12},"end":{"line":37,"column":47}},"23":{"start":{"line":39,"column":12},"end":{"line":39,"column":55}},"24":{"start":{"line":40,"column":12},"end":{"line":40,"column":92}},"25":{"start":{"line":46,"column":8},"end":{"line":66,"column":9}},"26":{"start":{"line":47,"column":23},"end":{"line":47,"column":38}},"27":{"start":{"line":48,"column":57},"end":{"line":48,"column":65}},"28":{"start":{"line":50,"column":12},"end":{"line":52,"column":13}},"29":{"start":{"line":51,"column":16},"end":{"line":51,"column":76}},"30":{"start":{"line":53,"column":26},"end":{"line":53,"column":44}},"31":{"start":{"line":54,"column":26},"end":{"line":54,"column":62}},"32":{"start":{"line":55,"column":12},"end":{"line":57,"column":13}},"33":{"start":{"line":56,"column":16},"end":{"line":56,"column":85}},"34":{"start":{"line":58,"column":28},"end":{"line":58,"column":99}},"35":{"start":{"line":59,"column":12},"end":{"line":61,"column":13}},"36":{"start":{"line":60,"column":16},"end":{"line":60,"column":79}},"37":{"start":{"line":62,"column":12},"end":{"line":62,"column":50}},"38":{"start":{"line":64,"column":12},"end":{"line":64,"column":57}},"39":{"start":{"line":65,"column":12},"end":{"line":65,"column":92}},"40":{"start":{"line":71,"column":8},"end":{"line":80,"column":9}},"41":{"start":{"line":72,"column":23},"end":{"line":72,"column":38}},"42":{"start":{"line":73,"column":12},"end":{"line":73,"column":81}},"43":{"start":{"line":73,"column":21},"end":{"line":73,"column":81}},"44":{"start":{"line":74,"column":33},"end":{"line":74,"column":63}},"45":{"start":{"line":75,"column":12},"end":{"line":75,"column":94}},"46":{"start":{"line":75,"column":31},"end":{"line":75,"column":94}},"47":{"start":{"line":76,"column":12},"end":{"line":76,"column":55}},"48":{"start":{"line":78,"column":12},"end":{"line":78,"column":57}},"49":{"start":{"line":79,"column":12},"end":{"line":79,"column":92}},"50":{"start":{"line":84,"column":8},"end":{"line":101,"column":9}},"51":{"start":{"line":85,"column":31},"end":{"line":85,"column":62}},"52":{"start":{"line":86,"column":12},"end":{"line":88,"column":13}},"53":{"start":{"line":87,"column":16},"end":{"line":87,"column":80}},"54":{"start":{"line":89,"column":31},"end":{"line":89,"column":87}},"55":{"start":{"line":90,"column":27},"end":{"line":95,"column":13}},"56":{"start":{"line":96,"column":27},"end":{"line":96,"column":76}},"57":{"start":{"line":97,"column":12},"end":{"line":97,"column":49}},"58":{"start":{"line":99,"column":12},"end":{"line":99,"column":57}},"59":{"start":{"line":100,"column":12},"end":{"line":100,"column":92}}},"fnMap":{"0":{"name":"(anonymous_0)","decl":{"start":{"line":3,"column":17},"end":{"line":3,"column":18}},"loc":{"start":{"line":3,"column":37},"end":{"line":21,"column":5}},"line":3},"1":{"name":"(anonymous_1)","decl":{"start":{"line":24,"column":15},"end":{"line":24,"column":16}},"loc":{"start":{"line":24,"column":35},"end":{"line":42,"column":5}},"line":24},"2":{"name":"(anonymous_2)","decl":{"start":{"line":45,"column":17},"end":{"line":45,"column":18}},"loc":{"start":{"line":45,"column":37},"end":{"line":67,"column":5}},"line":45},"3":{"name":"(anonymous_3)","decl":{"start":{"line":70,"column":17},"end":{"line":70,"column":18}},"loc":{"start":{"line":70,"column":37},"end":{"line":81,"column":5}},"line":70},"4":{"name":"(anonymous_4)","decl":{"start":{"line":83,"column":17},"end":{"line":83,"column":18}},"loc":{"start":{"line":83,"column":37},"end":{"line":102,"column":5}},"line":83}},"branchMap":{"0":{"loc":{"start":{"line":6,"column":12},"end":{"line":8,"column":13}},"type":"if","locations":[{"start":{"line":6,"column":12},"end":{"line":8,"column":13}},{"start":{},"end":{}}],"line":6},"1":{"loc":{"start":{"line":6,"column":16},"end":{"line":6,"column":48}},"type":"binary-expr","locations":[{"start":{"line":6,"column":16},"end":{"line":6,"column":21}},{"start":{"line":6,"column":25},"end":{"line":6,"column":36}},{"start":{"line":6,"column":40},"end":{"line":6,"column":48}}],"line":6},"2":{"loc":{"start":{"line":11,"column":12},"end":{"line":13,"column":13}},"type":"if","locations":[{"start":{"line":11,"column":12},"end":{"line":13,"column":13}},{"start":{},"end":{}}],"line":11},"3":{"loc":{"start":{"line":27,"column":12},"end":{"line":35,"column":13}},"type":"if","locations":[{"start":{"line":27,"column":12},"end":{"line":35,"column":13}},{"start":{},"end":{}}],"line":27},"4":{"loc":{"start":{"line":30,"column":16},"end":{"line":32,"column":17}},"type":"if","locations":[{"start":{"line":30,"column":16},"end":{"line":32,"column":17}},{"start":{},"end":{}}],"line":30},"5":{"loc":{"start":{"line":50,"column":12},"end":{"line":52,"column":13}},"type":"if","locations":[{"start":{"line":50,"column":12},"end":{"line":52,"column":13}},{"start":{},"end":{}}],"line":50},"6":{"loc":{"start":{"line":50,"column":16},"end":{"line":50,"column":55}},"type":"binary-expr","locations":[{"start":{"line":50,"column":16},"end":{"line":50,"column":19}},{"start":{"line":50,"column":23},"end":{"line":50,"column":28}},{"start":{"line":50,"column":32},"end":{"line":50,"column":43}},{"start":{"line":50,"column":47},"end":{"line":50,"column":55}}],"line":50},"7":{"loc":{"start":{"line":55,"column":12},"end":{"line":57,"column":13}},"type":"if","locations":[{"start":{"line":55,"column":12},"end":{"line":57,"column":13}},{"start":{},"end":{}}],"line":55},"8":{"loc":{"start":{"line":59,"column":12},"end":{"line":61,"column":13}},"type":"if","locations":[{"start":{"line":59,"column":12},"end":{"line":61,"column":13}},{"start":{},"end":{}}],"line":59},"9":{"loc":{"start":{"line":73,"column":12},"end":{"line":73,"column":81}},"type":"if","locations":[{"start":{"line":73,"column":12},"end":{"line":73,"column":81}},{"start":{},"end":{}}],"line":73},"10":{"loc":{"start":{"line":75,"column":12},"end":{"line":75,"column":94}},"type":"if","locations":[{"start":{"line":75,"column":12},"end":{"line":75,"column":94}},{"start":{},"end":{}}],"line":75},"11":{"loc":{"start":{"line":85,"column":32},"end":{"line":85,"column":54}},"type":"binary-expr","locations":[{"start":{"line":85,"column":32},"end":{"line":85,"column":48}},{"start":{"line":85,"column":52},"end":{"line":85,"column":54}}],"line":85},"12":{"loc":{"start":{"line":86,"column":12},"end":{"line":88,"column":13}},"type":"if","locations":[{"start":{"line":86,"column":12},"end":{"line":88,"column":13}},{"start":{},"end":{}}],"line":86}},"s":{"0":0,"1":0,"2":0,"3":0,"4":0,"5":0,"6":0,"7":0,"8":0,"9":0,"10":0,"11":0,"12":0,"13":0,"14":0,"15":0,"16":0,"17":0,"18":0,"19":0,"20":0,"21":0,"22":0,"23":0,"24":0,"25":0,"26":0,"27":0,"28":0,"29":0,"30":0,"31":0,"32":0,"33":0,"34":0,"35":0,"36":0,"37":0,"38":0,"39":0,"40":0,"41":0,"42":0,"43":0,"44":0,"45":0,"46":0,"47":0,"48":0,"49":0,"50":0,"51":0,"52":0,"53":0,"54":0,"55":0,"56":0,"57":0,"58":0,"59":0},"f":{"0":0,"1":0,"2":0,"3":0,"4":0},"b":{"0":[0,0],"1":[0,0,0],"2":[0,0],"3":[0,0],"4":[0,0],"5":[0,0],"6":[0,0,0,0],"7":[0,0],"8":[0,0],"9":[0,0],"10":[0,0],"11":[0,0],"12":[0,0]},"all":true},"E:\\quanlyhs\\quanlyhs_be\\api\\controllers\\GradeController.js":{"path":"E:\\quanlyhs\\quanlyhs_be\\api\\controllers\\GradeController.js","statementMap":{"0":{"start":{"line":1,"column":19},"end":{"line":1,"column":36}},"1":{"start":{"line":3,"column":0},"end":{"line":137,"column":2}},"2":{"start":{"line":6,"column":8},"end":{"line":26,"column":9}},"3":{"start":{"line":7,"column":29},"end":{"line":7,"column":37}},"4":{"start":{"line":8,"column":12},"end":{"line":13,"column":13}},"5":{"start":{"line":9,"column":16},"end":{"line":12,"column":19}},"6":{"start":{"line":14,"column":29},"end":{"line":14,"column":57}},"7":{"start":{"line":15,"column":12},"end":{"line":17,"column":15}},"8":{"start":{"line":20,"column":12},"end":{"line":20,"column":57}},"9":{"start":{"line":21,"column":12},"end":{"line":25,"column":15}},"10":{"start":{"line":30,"column":8},"end":{"line":56,"column":9}},"11":{"start":{"line":31,"column":23},"end":{"line":31,"column":38}},"12":{"start":{"line":32,"column":12},"end":{"line":44,"column":13}},"13":{"start":{"line":33,"column":30},"end":{"line":33,"column":48}},"14":{"start":{"line":34,"column":37},"end":{"line":34,"column":64}},"15":{"start":{"line":35,"column":16},"end":{"line":40,"column":17}},"16":{"start":{"line":36,"column":20},"end":{"line":39,"column":23}},"17":{"start":{"line":41,"column":16},"end":{"line":43,"column":19}},"18":{"start":{"line":45,"column":30},"end":{"line":45,"column":71}},"19":{"start":{"line":46,"column":12},"end":{"line":48,"column":15}},"20":{"start":{"line":50,"column":12},"end":{"line":50,"column":55}},"21":{"start":{"line":51,"column":12},"end":{"line":55,"column":15}},"22":{"start":{"line":60,"column":8},"end":{"line":86,"column":9}},"23":{"start":{"line":61,"column":23},"end":{"line":61,"column":38}},"24":{"start":{"line":62,"column":29},"end":{"line":62,"column":37}},"25":{"start":{"line":63,"column":12},"end":{"line":68,"column":13}},"26":{"start":{"line":64,"column":16},"end":{"line":67,"column":19}},"27":{"start":{"line":69,"column":33},"end":{"line":69,"column":76}},"28":{"start":{"line":70,"column":12},"end":{"line":75,"column":13}},"29":{"start":{"line":71,"column":16},"end":{"line":74,"column":19}},"30":{"start":{"line":76,"column":12},"end":{"line":78,"column":15}},"31":{"start":{"line":80,"column":12},"end":{"line":80,"column":57}},"32":{"start":{"line":81,"column":12},"end":{"line":85,"column":15}},"33":{"start":{"line":90,"column":19},"end":{"line":90,"column":34}},"34":{"start":{"line":91,"column":8},"end":{"line":96,"column":9}},"35":{"start":{"line":92,"column":12},"end":{"line":95,"column":15}},"36":{"start":{"line":97,"column":8},"end":{"line":115,"column":9}},"37":{"start":{"line":98,"column":33},"end":{"line":98,"column":63}},"38":{"start":{"line":99,"column":12},"end":{"line":104,"column":13}},"39":{"start":{"line":100,"column":16},"end":{"line":103,"column":19}},"40":{"start":{"line":105,"column":12},"end":{"line":107,"column":15}},"41":{"start":{"line":109,"column":12},"end":{"line":109,"column":57}},"42":{"start":{"line":110,"column":12},"end":{"line":114,"column":15}},"43":{"start":{"line":119,"column":8},"end":{"line":135,"column":9}},"44":{"start":{"line":120,"column":31},"end":{"line":120,"column":62}},"45":{"start":{"line":121,"column":12},"end":{"line":123,"column":13}},"46":{"start":{"line":122,"column":16},"end":{"line":122,"column":49}},"47":{"start":{"line":124,"column":31},"end":{"line":124,"column":87}},"48":{"start":{"line":125,"column":27},"end":{"line":129,"column":13}},"49":{"start":{"line":130,"column":27},"end":{"line":130,"column":78}},"50":{"start":{"line":131,"column":12},"end":{"line":131,"column":49}},"51":{"start":{"line":133,"column":12},"end":{"line":133,"column":57}},"52":{"start":{"line":134,"column":12},"end":{"line":134,"column":92}}},"fnMap":{"0":{"name":"(anonymous_0)","decl":{"start":{"line":5,"column":17},"end":{"line":5,"column":18}},"loc":{"start":{"line":5,"column":37},"end":{"line":27,"column":5}},"line":5},"1":{"name":"(anonymous_1)","decl":{"start":{"line":29,"column":15},"end":{"line":29,"column":16}},"loc":{"start":{"line":29,"column":35},"end":{"line":57,"column":5}},"line":29},"2":{"name":"(anonymous_2)","decl":{"start":{"line":59,"column":17},"end":{"line":59,"column":18}},"loc":{"start":{"line":59,"column":37},"end":{"line":87,"column":5}},"line":59},"3":{"name":"(anonymous_3)","decl":{"start":{"line":89,"column":17},"end":{"line":89,"column":18}},"loc":{"start":{"line":89,"column":37},"end":{"line":116,"column":5}},"line":89},"4":{"name":"(anonymous_4)","decl":{"start":{"line":118,"column":17},"end":{"line":118,"column":18}},"loc":{"start":{"line":118,"column":37},"end":{"line":136,"column":5}},"line":118}},"branchMap":{"0":{"loc":{"start":{"line":8,"column":12},"end":{"line":13,"column":13}},"type":"if","locations":[{"start":{"line":8,"column":12},"end":{"line":13,"column":13}},{"start":{},"end":{}}],"line":8},"1":{"loc":{"start":{"line":32,"column":12},"end":{"line":44,"column":13}},"type":"if","locations":[{"start":{"line":32,"column":12},"end":{"line":44,"column":13}},{"start":{},"end":{}}],"line":32},"2":{"loc":{"start":{"line":35,"column":16},"end":{"line":40,"column":17}},"type":"if","locations":[{"start":{"line":35,"column":16},"end":{"line":40,"column":17}},{"start":{},"end":{}}],"line":35},"3":{"loc":{"start":{"line":63,"column":12},"end":{"line":68,"column":13}},"type":"if","locations":[{"start":{"line":63,"column":12},"end":{"line":68,"column":13}},{"start":{},"end":{}}],"line":63},"4":{"loc":{"start":{"line":63,"column":16},"end":{"line":63,"column":28}},"type":"binary-expr","locations":[{"start":{"line":63,"column":16},"end":{"line":63,"column":19}},{"start":{"line":63,"column":23},"end":{"line":63,"column":28}}],"line":63},"5":{"loc":{"start":{"line":70,"column":12},"end":{"line":75,"column":13}},"type":"if","locations":[{"start":{"line":70,"column":12},"end":{"line":75,"column":13}},{"start":{},"end":{}}],"line":70},"6":{"loc":{"start":{"line":91,"column":8},"end":{"line":96,"column":9}},"type":"if","locations":[{"start":{"line":91,"column":8},"end":{"line":96,"column":9}},{"start":{},"end":{}}],"line":91},"7":{"loc":{"start":{"line":99,"column":12},"end":{"line":104,"column":13}},"type":"if","locations":[{"start":{"line":99,"column":12},"end":{"line":104,"column":13}},{"start":{},"end":{}}],"line":99},"8":{"loc":{"start":{"line":120,"column":32},"end":{"line":120,"column":54}},"type":"binary-expr","locations":[{"start":{"line":120,"column":32},"end":{"line":120,"column":48}},{"start":{"line":120,"column":52},"end":{"line":120,"column":54}}],"line":120},"9":{"loc":{"start":{"line":121,"column":12},"end":{"line":123,"column":13}},"type":"if","locations":[{"start":{"line":121,"column":12},"end":{"line":123,"column":13}},{"start":{},"end":{}}],"line":121}},"s":{"0":0,"1":0,"2":0,"3":0,"4":0,"5":0,"6":0,"7":0,"8":0,"9":0,"10":0,"11":0,"12":0,"13":0,"14":0,"15":0,"16":0,"17":0,"18":0,"19":0,"20":0,"21":0,"22":0,"23":0,"24":0,"25":0,"26":0,"27":0,"28":0,"29":0,"30":0,"31":0,"32":0,"33":0,"34":0,"35":0,"36":0,"37":0,"38":0,"39":0,"40":0,"41":0,"42":0,"43":0,"44":0,"45":0,"46":0,"47":0,"48":0,"49":0,"50":0,"51":0,"52":0},"f":{"0":0,"1":0,"2":0,"3":0,"4":0},"b":{"0":[0,0],"1":[0,0],"2":[0,0],"3":[0,0],"4":[0,0],"5":[0,0],"6":[0,0],"7":[0,0],"8":[0,0],"9":[0,0]},"all":true},"E:\\quanlyhs\\quanlyhs_be\\api\\controllers\\PositionController.js":{"path":"E:\\quanlyhs\\quanlyhs_be\\api\\controllers\\PositionController.js","statementMap":{"0":{"start":{"line":1,"column":0},"end":{"line":93,"column":1}},"1":{"start":{"line":3,"column":8},"end":{"line":18,"column":9}},"2":{"start":{"line":4,"column":50},"end":{"line":4,"column":58}},"3":{"start":{"line":5,"column":12},"end":{"line":10,"column":13}},"4":{"start":{"line":6,"column":16},"end":{"line":9,"column":19}},"5":{"start":{"line":11,"column":32},"end":{"line":11,"column":84}},"6":{"start":{"line":12,"column":12},"end":{"line":14,"column":15}},"7":{"start":{"line":16,"column":12},"end":{"line":16,"column":60}},"8":{"start":{"line":17,"column":12},"end":{"line":17,"column":92}},"9":{"start":{"line":21,"column":8},"end":{"line":35,"column":9}},"10":{"start":{"line":22,"column":23},"end":{"line":22,"column":38}},"11":{"start":{"line":23,"column":12},"end":{"line":29,"column":13}},"12":{"start":{"line":24,"column":33},"end":{"line":24,"column":63}},"13":{"start":{"line":25,"column":16},"end":{"line":27,"column":17}},"14":{"start":{"line":26,"column":20},"end":{"line":26,"column":87}},"15":{"start":{"line":28,"column":16},"end":{"line":28,"column":55}},"16":{"start":{"line":30,"column":25},"end":{"line":30,"column":69}},"17":{"start":{"line":31,"column":12},"end":{"line":31,"column":47}},"18":{"start":{"line":33,"column":12},"end":{"line":33,"column":58}},"19":{"start":{"line":34,"column":12},"end":{"line":34,"column":92}},"20":{"start":{"line":38,"column":8},"end":{"line":55,"column":9}},"21":{"start":{"line":39,"column":23},"end":{"line":39,"column":38}},"22":{"start":{"line":40,"column":12},"end":{"line":42,"column":13}},"23":{"start":{"line":41,"column":16},"end":{"line":41,"column":76}},"24":{"start":{"line":43,"column":50},"end":{"line":43,"column":58}},"25":{"start":{"line":44,"column":12},"end":{"line":46,"column":13}},"26":{"start":{"line":45,"column":16},"end":{"line":45,"column":76}},"27":{"start":{"line":47,"column":36},"end":{"line":47,"column":103}},"28":{"start":{"line":48,"column":12},"end":{"line":50,"column":13}},"29":{"start":{"line":49,"column":16},"end":{"line":49,"column":80}},"30":{"start":{"line":51,"column":12},"end":{"line":51,"column":58}},"31":{"start":{"line":53,"column":12},"end":{"line":53,"column":60}},"32":{"start":{"line":54,"column":12},"end":{"line":54,"column":92}},"33":{"start":{"line":58,"column":8},"end":{"line":71,"column":9}},"34":{"start":{"line":59,"column":23},"end":{"line":59,"column":38}},"35":{"start":{"line":60,"column":12},"end":{"line":62,"column":13}},"36":{"start":{"line":61,"column":16},"end":{"line":61,"column":76}},"37":{"start":{"line":63,"column":36},"end":{"line":63,"column":69}},"38":{"start":{"line":64,"column":12},"end":{"line":66,"column":13}},"39":{"start":{"line":65,"column":16},"end":{"line":65,"column":75}},"40":{"start":{"line":67,"column":12},"end":{"line":67,"column":58}},"41":{"start":{"line":69,"column":12},"end":{"line":69,"column":60}},"42":{"start":{"line":70,"column":12},"end":{"line":70,"column":92}},"43":{"start":{"line":74,"column":8},"end":{"line":91,"column":9}},"44":{"start":{"line":75,"column":31},"end":{"line":75,"column":62}},"45":{"start":{"line":76,"column":12},"end":{"line":78,"column":13}},"46":{"start":{"line":77,"column":16},"end":{"line":77,"column":49}},"47":{"start":{"line":79,"column":31},"end":{"line":79,"column":93}},"48":{"start":{"line":80,"column":27},"end":{"line":85,"column":13}},"49":{"start":{"line":86,"column":27},"end":{"line":86,"column":78}},"50":{"start":{"line":87,"column":12},"end":{"line":87,"column":49}},"51":{"start":{"line":89,"column":12},"end":{"line":89,"column":60}},"52":{"start":{"line":90,"column":12},"end":{"line":90,"column":92}}},"fnMap":{"0":{"name":"(anonymous_0)","decl":{"start":{"line":2,"column":20},"end":{"line":2,"column":21}},"loc":{"start":{"line":2,"column":40},"end":{"line":19,"column":5}},"line":2},"1":{"name":"(anonymous_1)","decl":{"start":{"line":20,"column":18},"end":{"line":20,"column":19}},"loc":{"start":{"line":20,"column":38},"end":{"line":36,"column":5}},"line":20},"2":{"name":"(anonymous_2)","decl":{"start":{"line":37,"column":20},"end":{"line":37,"column":21}},"loc":{"start":{"line":37,"column":40},"end":{"line":56,"column":5}},"line":37},"3":{"name":"(anonymous_3)","decl":{"start":{"line":57,"column":20},"end":{"line":57,"column":21}},"loc":{"start":{"line":57,"column":40},"end":{"line":72,"column":5}},"line":57},"4":{"name":"(anonymous_4)","decl":{"start":{"line":73,"column":20},"end":{"line":73,"column":21}},"loc":{"start":{"line":73,"column":40},"end":{"line":92,"column":5}},"line":73}},"branchMap":{"0":{"loc":{"start":{"line":5,"column":12},"end":{"line":10,"column":13}},"type":"if","locations":[{"start":{"line":5,"column":12},"end":{"line":10,"column":13}},{"start":{},"end":{}}],"line":5},"1":{"loc":{"start":{"line":23,"column":12},"end":{"line":29,"column":13}},"type":"if","locations":[{"start":{"line":23,"column":12},"end":{"line":29,"column":13}},{"start":{},"end":{}}],"line":23},"2":{"loc":{"start":{"line":25,"column":16},"end":{"line":27,"column":17}},"type":"if","locations":[{"start":{"line":25,"column":16},"end":{"line":27,"column":17}},{"start":{},"end":{}}],"line":25},"3":{"loc":{"start":{"line":40,"column":12},"end":{"line":42,"column":13}},"type":"if","locations":[{"start":{"line":40,"column":12},"end":{"line":42,"column":13}},{"start":{},"end":{}}],"line":40},"4":{"loc":{"start":{"line":44,"column":12},"end":{"line":46,"column":13}},"type":"if","locations":[{"start":{"line":44,"column":12},"end":{"line":46,"column":13}},{"start":{},"end":{}}],"line":44},"5":{"loc":{"start":{"line":48,"column":12},"end":{"line":50,"column":13}},"type":"if","locations":[{"start":{"line":48,"column":12},"end":{"line":50,"column":13}},{"start":{},"end":{}}],"line":48},"6":{"loc":{"start":{"line":60,"column":12},"end":{"line":62,"column":13}},"type":"if","locations":[{"start":{"line":60,"column":12},"end":{"line":62,"column":13}},{"start":{},"end":{}}],"line":60},"7":{"loc":{"start":{"line":64,"column":12},"end":{"line":66,"column":13}},"type":"if","locations":[{"start":{"line":64,"column":12},"end":{"line":66,"column":13}},{"start":{},"end":{}}],"line":64},"8":{"loc":{"start":{"line":75,"column":32},"end":{"line":75,"column":54}},"type":"binary-expr","locations":[{"start":{"line":75,"column":32},"end":{"line":75,"column":48}},{"start":{"line":75,"column":52},"end":{"line":75,"column":54}}],"line":75},"9":{"loc":{"start":{"line":76,"column":12},"end":{"line":78,"column":13}},"type":"if","locations":[{"start":{"line":76,"column":12},"end":{"line":78,"column":13}},{"start":{},"end":{}}],"line":76}},"s":{"0":0,"1":0,"2":0,"3":0,"4":0,"5":0,"6":0,"7":0,"8":0,"9":0,"10":0,"11":0,"12":0,"13":0,"14":0,"15":0,"16":0,"17":0,"18":0,"19":0,"20":0,"21":0,"22":0,"23":0,"24":0,"25":0,"26":0,"27":0,"28":0,"29":0,"30":0,"31":0,"32":0,"33":0,"34":0,"35":0,"36":0,"37":0,"38":0,"39":0,"40":0,"41":0,"42":0,"43":0,"44":0,"45":0,"46":0,"47":0,"48":0,"49":0,"50":0,"51":0,"52":0},"f":{"0":0,"1":0,"2":0,"3":0,"4":0},"b":{"0":[0,0],"1":[0,0],"2":[0,0],"3":[0,0],"4":[0,0],"5":[0,0],"6":[0,0],"7":[0,0],"8":[0,0],"9":[0,0]},"all":true},"E:\\quanlyhs\\quanlyhs_be\\api\\controllers\\ProductController.js":{"path":"E:\\quanlyhs\\quanlyhs_be\\api\\controllers\\ProductController.js","statementMap":{"0":{"start":{"line":5,"column":13},"end":{"line":5,"column":28}},"1":{"start":{"line":6,"column":11},"end":{"line":6,"column":24}},"2":{"start":{"line":8,"column":0},"end":{"line":205,"column":2}},"3":{"start":{"line":11,"column":4},"end":{"line":53,"column":7}},"4":{"start":{"line":15,"column":6},"end":{"line":20,"column":7}},"5":{"start":{"line":16,"column":8},"end":{"line":19,"column":11}},"6":{"start":{"line":23,"column":6},"end":{"line":28,"column":7}},"7":{"start":{"line":24,"column":8},"end":{"line":27,"column":11}},"8":{"start":{"line":30,"column":27},"end":{"line":30,"column":43}},"9":{"start":{"line":31,"column":23},"end":{"line":31,"column":53}},"10":{"start":{"line":32,"column":22},"end":{"line":32,"column":58}},"11":{"start":{"line":33,"column":26},"end":{"line":33,"column":59}},"12":{"start":{"line":36,"column":6},"end":{"line":43,"column":7}},"13":{"start":{"line":38,"column":8},"end":{"line":38,"column":46}},"14":{"start":{"line":39,"column":8},"end":{"line":42,"column":11}},"15":{"start":{"line":46,"column":24},"end":{"line":46,"column":46}},"16":{"start":{"line":47,"column":6},"end":{"line":52,"column":9}},"17":{"start":{"line":58,"column":4},"end":{"line":73,"column":5}},"18":{"start":{"line":59,"column":50},"end":{"line":59,"column":58}},"19":{"start":{"line":61,"column":6},"end":{"line":63,"column":7}},"20":{"start":{"line":62,"column":8},"end":{"line":62,"column":68}},"21":{"start":{"line":64,"column":22},"end":{"line":69,"column":8}},"22":{"start":{"line":70,"column":6},"end":{"line":70,"column":98}},"23":{"start":{"line":72,"column":6},"end":{"line":72,"column":65}},"24":{"start":{"line":78,"column":4},"end":{"line":99,"column":5}},"25":{"start":{"line":79,"column":21},"end":{"line":79,"column":31}},"26":{"start":{"line":80,"column":22},"end":{"line":80,"column":24}},"27":{"start":{"line":81,"column":6},"end":{"line":81,"column":30}},"28":{"start":{"line":81,"column":14},"end":{"line":81,"column":30}},"29":{"start":{"line":82,"column":20},"end":{"line":82,"column":41}},"30":{"start":{"line":83,"column":6},"end":{"line":83,"column":44}},"31":{"start":{"line":83,"column":15},"end":{"line":83,"column":44}},"32":{"start":{"line":84,"column":21},"end":{"line":84,"column":32}},"33":{"start":{"line":85,"column":6},"end":{"line":87,"column":7}},"34":{"start":{"line":86,"column":8},"end":{"line":86,"column":67}},"35":{"start":{"line":88,"column":6},"end":{"line":92,"column":9}},"36":{"start":{"line":94,"column":6},"end":{"line":98,"column":9}},"37":{"start":{"line":105,"column":15},"end":{"line":105,"column":30}},"38":{"start":{"line":106,"column":4},"end":{"line":106,"column":68}},"39":{"start":{"line":106,"column":13},"end":{"line":106,"column":68}},"40":{"start":{"line":108,"column":41},"end":{"line":108,"column":49}},"41":{"start":{"line":109,"column":4},"end":{"line":111,"column":5}},"42":{"start":{"line":110,"column":6},"end":{"line":110,"column":66}},"43":{"start":{"line":112,"column":4},"end":{"line":122,"column":5}},"44":{"start":{"line":113,"column":22},"end":{"line":117,"column":8}},"45":{"start":{"line":118,"column":6},"end":{"line":118,"column":79}},"46":{"start":{"line":118,"column":20},"end":{"line":118,"column":79}},"47":{"start":{"line":119,"column":6},"end":{"line":119,"column":82}},"48":{"start":{"line":121,"column":6},"end":{"line":121,"column":65}},"49":{"start":{"line":128,"column":15},"end":{"line":128,"column":30}},"50":{"start":{"line":129,"column":4},"end":{"line":129,"column":68}},"51":{"start":{"line":129,"column":13},"end":{"line":129,"column":68}},"52":{"start":{"line":131,"column":4},"end":{"line":162,"column":7}},"53":{"start":{"line":135,"column":6},"end":{"line":137,"column":7}},"54":{"start":{"line":136,"column":8},"end":{"line":136,"column":82}},"55":{"start":{"line":139,"column":6},"end":{"line":141,"column":7}},"56":{"start":{"line":140,"column":8},"end":{"line":140,"column":73}},"57":{"start":{"line":143,"column":23},"end":{"line":143,"column":57}},"58":{"start":{"line":144,"column":22},"end":{"line":144,"column":58}},"59":{"start":{"line":145,"column":26},"end":{"line":145,"column":59}},"60":{"start":{"line":147,"column":6},"end":{"line":150,"column":7}},"61":{"start":{"line":148,"column":8},"end":{"line":148,"column":50}},"62":{"start":{"line":149,"column":8},"end":{"line":149,"column":93}},"63":{"start":{"line":152,"column":24},"end":{"line":152,"column":46}},"64":{"start":{"line":154,"column":6},"end":{"line":161,"column":7}},"65":{"start":{"line":155,"column":24},"end":{"line":155,"column":81}},"66":{"start":{"line":156,"column":8},"end":{"line":156,"column":91}},"67":{"start":{"line":156,"column":22},"end":{"line":156,"column":91}},"68":{"start":{"line":158,"column":8},"end":{"line":158,"column":102}},"69":{"start":{"line":160,"column":8},"end":{"line":160,"column":67}},"70":{"start":{"line":168,"column":15},"end":{"line":168,"column":30}},"71":{"start":{"line":169,"column":4},"end":{"line":171,"column":5}},"72":{"start":{"line":170,"column":6},"end":{"line":170,"column":61}},"73":{"start":{"line":172,"column":4},"end":{"line":177,"column":5}},"74":{"start":{"line":173,"column":22},"end":{"line":173,"column":54}},"75":{"start":{"line":174,"column":6},"end":{"line":174,"column":116}},"76":{"start":{"line":176,"column":6},"end":{"line":176,"column":53}},"77":{"start":{"line":182,"column":4},"end":{"line":202,"column":5}},"78":{"start":{"line":183,"column":20},"end":{"line":183,"column":42}},"79":{"start":{"line":184,"column":25},"end":{"line":184,"column":85}},"80":{"start":{"line":186,"column":21},"end":{"line":191,"column":7}},"81":{"start":{"line":193,"column":21},"end":{"line":197,"column":18}},"82":{"start":{"line":199,"column":6},"end":{"line":199,"column":38}},"83":{"start":{"line":201,"column":6},"end":{"line":201,"column":88}}},"fnMap":{"0":{"name":"(anonymous_0)","decl":{"start":{"line":10,"column":15},"end":{"line":10,"column":16}},"loc":{"start":{"line":10,"column":35},"end":{"line":54,"column":3}},"line":10},"1":{"name":"(anonymous_1)","decl":{"start":{"line":14,"column":7},"end":{"line":14,"column":8}},"loc":{"start":{"line":14,"column":31},"end":{"line":53,"column":5}},"line":14},"2":{"name":"(anonymous_2)","decl":{"start":{"line":38,"column":35},"end":{"line":38,"column":36}},"loc":{"start":{"line":38,"column":41},"end":{"line":38,"column":44}},"line":38},"3":{"name":"(anonymous_3)","decl":{"start":{"line":57,"column":11},"end":{"line":57,"column":12}},"loc":{"start":{"line":57,"column":31},"end":{"line":74,"column":3}},"line":57},"4":{"name":"(anonymous_4)","decl":{"start":{"line":77,"column":8},"end":{"line":77,"column":9}},"loc":{"start":{"line":77,"column":28},"end":{"line":101,"column":3}},"line":77},"5":{"name":"(anonymous_5)","decl":{"start":{"line":104,"column":10},"end":{"line":104,"column":11}},"loc":{"start":{"line":104,"column":30},"end":{"line":123,"column":3}},"line":104},"6":{"name":"(anonymous_6)","decl":{"start":{"line":127,"column":15},"end":{"line":127,"column":16}},"loc":{"start":{"line":127,"column":35},"end":{"line":163,"column":3}},"line":127},"7":{"name":"(anonymous_7)","decl":{"start":{"line":134,"column":7},"end":{"line":134,"column":8}},"loc":{"start":{"line":134,"column":37},"end":{"line":162,"column":5}},"line":134},"8":{"name":"(anonymous_8)","decl":{"start":{"line":148,"column":39},"end":{"line":148,"column":40}},"loc":{"start":{"line":148,"column":45},"end":{"line":148,"column":48}},"line":148},"9":{"name":"(anonymous_9)","decl":{"start":{"line":167,"column":10},"end":{"line":167,"column":11}},"loc":{"start":{"line":167,"column":30},"end":{"line":178,"column":3}},"line":167},"10":{"name":"(anonymous_10)","decl":{"start":{"line":181,"column":10},"end":{"line":181,"column":11}},"loc":{"start":{"line":181,"column":30},"end":{"line":203,"column":3}},"line":181}},"branchMap":{"0":{"loc":{"start":{"line":15,"column":6},"end":{"line":20,"column":7}},"type":"if","locations":[{"start":{"line":15,"column":6},"end":{"line":20,"column":7}},{"start":{},"end":{}}],"line":15},"1":{"loc":{"start":{"line":23,"column":6},"end":{"line":28,"column":7}},"type":"if","locations":[{"start":{"line":23,"column":6},"end":{"line":28,"column":7}},{"start":{},"end":{}}],"line":23},"2":{"loc":{"start":{"line":23,"column":10},"end":{"line":23,"column":54}},"type":"binary-expr","locations":[{"start":{"line":23,"column":10},"end":{"line":23,"column":24}},{"start":{"line":23,"column":28},"end":{"line":23,"column":54}}],"line":23},"3":{"loc":{"start":{"line":36,"column":6},"end":{"line":43,"column":7}},"type":"if","locations":[{"start":{"line":36,"column":6},"end":{"line":43,"column":7}},{"start":{},"end":{}}],"line":36},"4":{"loc":{"start":{"line":61,"column":6},"end":{"line":63,"column":7}},"type":"if","locations":[{"start":{"line":61,"column":6},"end":{"line":63,"column":7}},{"start":{},"end":{}}],"line":61},"5":{"loc":{"start":{"line":61,"column":10},"end":{"line":61,"column":51}},"type":"binary-expr","locations":[{"start":{"line":61,"column":10},"end":{"line":61,"column":15}},{"start":{"line":61,"column":19},"end":{"line":61,"column":25}},{"start":{"line":61,"column":29},"end":{"line":61,"column":41}},{"start":{"line":61,"column":45},"end":{"line":61,"column":51}}],"line":61},"6":{"loc":{"start":{"line":68,"column":15},"end":{"line":68,"column":26}},"type":"binary-expr","locations":[{"start":{"line":68,"column":15},"end":{"line":68,"column":20}},{"start":{"line":68,"column":24},"end":{"line":68,"column":26}}],"line":68},"7":{"loc":{"start":{"line":81,"column":6},"end":{"line":81,"column":30}},"type":"if","locations":[{"start":{"line":81,"column":6},"end":{"line":81,"column":30}},{"start":{},"end":{}}],"line":81},"8":{"loc":{"start":{"line":83,"column":6},"end":{"line":83,"column":44}},"type":"if","locations":[{"start":{"line":83,"column":6},"end":{"line":83,"column":44}},{"start":{},"end":{}}],"line":83},"9":{"loc":{"start":{"line":85,"column":6},"end":{"line":87,"column":7}},"type":"if","locations":[{"start":{"line":85,"column":6},"end":{"line":87,"column":7}},{"start":{},"end":{}}],"line":85},"10":{"loc":{"start":{"line":85,"column":10},"end":{"line":85,"column":35}},"type":"binary-expr","locations":[{"start":{"line":85,"column":10},"end":{"line":85,"column":17}},{"start":{"line":85,"column":21},"end":{"line":85,"column":35}}],"line":85},"11":{"loc":{"start":{"line":90,"column":14},"end":{"line":90,"column":37}},"type":"cond-expr","locations":[{"start":{"line":90,"column":19},"end":{"line":90,"column":28}},{"start":{"line":90,"column":31},"end":{"line":90,"column":37}}],"line":90},"12":{"loc":{"start":{"line":97,"column":17},"end":{"line":97,"column":41}},"type":"binary-expr","locations":[{"start":{"line":97,"column":17},"end":{"line":97,"column":30}},{"start":{"line":97,"column":34},"end":{"line":97,"column":41}}],"line":97},"13":{"loc":{"start":{"line":106,"column":4},"end":{"line":106,"column":68}},"type":"if","locations":[{"start":{"line":106,"column":4},"end":{"line":106,"column":68}},{"start":{},"end":{}}],"line":106},"14":{"loc":{"start":{"line":109,"column":4},"end":{"line":111,"column":5}},"type":"if","locations":[{"start":{"line":109,"column":4},"end":{"line":111,"column":5}},{"start":{},"end":{}}],"line":109},"15":{"loc":{"start":{"line":109,"column":8},"end":{"line":109,"column":39}},"type":"binary-expr","locations":[{"start":{"line":109,"column":8},"end":{"line":109,"column":13}},{"start":{"line":109,"column":17},"end":{"line":109,"column":23}},{"start":{"line":109,"column":27},"end":{"line":109,"column":39}}],"line":109},"16":{"loc":{"start":{"line":118,"column":6},"end":{"line":118,"column":79}},"type":"if","locations":[{"start":{"line":118,"column":6},"end":{"line":118,"column":79}},{"start":{},"end":{}}],"line":118},"17":{"loc":{"start":{"line":129,"column":4},"end":{"line":129,"column":68}},"type":"if","locations":[{"start":{"line":129,"column":4},"end":{"line":129,"column":68}},{"start":{},"end":{}}],"line":129},"18":{"loc":{"start":{"line":135,"column":6},"end":{"line":137,"column":7}},"type":"if","locations":[{"start":{"line":135,"column":6},"end":{"line":137,"column":7}},{"start":{},"end":{}}],"line":135},"19":{"loc":{"start":{"line":139,"column":6},"end":{"line":141,"column":7}},"type":"if","locations":[{"start":{"line":139,"column":6},"end":{"line":141,"column":7}},{"start":{},"end":{}}],"line":139},"20":{"loc":{"start":{"line":139,"column":10},"end":{"line":139,"column":54}},"type":"binary-expr","locations":[{"start":{"line":139,"column":10},"end":{"line":139,"column":24}},{"start":{"line":139,"column":28},"end":{"line":139,"column":54}}],"line":139},"21":{"loc":{"start":{"line":147,"column":6},"end":{"line":150,"column":7}},"type":"if","locations":[{"start":{"line":147,"column":6},"end":{"line":150,"column":7}},{"start":{},"end":{}}],"line":147},"22":{"loc":{"start":{"line":156,"column":8},"end":{"line":156,"column":91}},"type":"if","locations":[{"start":{"line":156,"column":8},"end":{"line":156,"column":91}},{"start":{},"end":{}}],"line":156},"23":{"loc":{"start":{"line":169,"column":4},"end":{"line":171,"column":5}},"type":"if","locations":[{"start":{"line":169,"column":4},"end":{"line":171,"column":5}},{"start":{},"end":{}}],"line":169},"24":{"loc":{"start":{"line":174,"column":13},"end":{"line":174,"column":115}},"type":"cond-expr","locations":[{"start":{"line":174,"column":23},"end":{"line":174,"column":61}},{"start":{"line":174,"column":64},"end":{"line":174,"column":115}}],"line":174},"25":{"loc":{"start":{"line":183,"column":20},"end":{"line":183,"column":42}},"type":"binary-expr","locations":[{"start":{"line":183,"column":20},"end":{"line":183,"column":36}},{"start":{"line":183,"column":40},"end":{"line":183,"column":42}}],"line":183}},"s":{"0":0,"1":0,"2":0,"3":0,"4":0,"5":0,"6":0,"7":0,"8":0,"9":0,"10":0,"11":0,"12":0,"13":0,"14":0,"15":0,"16":0,"17":0,"18":0,"19":0,"20":0,"21":0,"22":0,"23":0,"24":0,"25":0,"26":0,"27":0,"28":0,"29":0,"30":0,"31":0,"32":0,"33":0,"34":0,"35":0,"36":0,"37":0,"38":0,"39":0,"40":0,"41":0,"42":0,"43":0,"44":0,"45":0,"46":0,"47":0,"48":0,"49":0,"50":0,"51":0,"52":0,"53":0,"54":0,"55":0,"56":0,"57":0,"58":0,"59":0,"60":0,"61":0,"62":0,"63":0,"64":0,"65":0,"66":0,"67":0,"68":0,"69":0,"70":0,"71":0,"72":0,"73":0,"74":0,"75":0,"76":0,"77":0,"78":0,"79":0,"80":0,"81":0,"82":0,"83":0},"f":{"0":0,"1":0,"2":0,"3":0,"4":0,"5":0,"6":0,"7":0,"8":0,"9":0,"10":0},"b":{"0":[0,0],"1":[0,0],"2":[0,0],"3":[0,0],"4":[0,0],"5":[0,0,0,0],"6":[0,0],"7":[0,0],"8":[0,0],"9":[0,0],"10":[0,0],"11":[0,0],"12":[0,0],"13":[0,0],"14":[0,0],"15":[0,0,0],"16":[0,0],"17":[0,0],"18":[0,0],"19":[0,0],"20":[0,0],"21":[0,0],"22":[0,0],"23":[0,0],"24":[0,0],"25":[0,0]},"all":true},"E:\\quanlyhs\\quanlyhs_be\\api\\controllers\\ScoreController.js":{"path":"E:\\quanlyhs\\quanlyhs_be\\api\\controllers\\ScoreController.js","statementMap":{"0":{"start":{"line":1,"column":0},"end":{"line":107,"column":2}},"1":{"start":{"line":3,"column":8},"end":{"line":32,"column":9}},"2":{"start":{"line":4,"column":104},"end":{"line":4,"column":112}},"3":{"start":{"line":6,"column":12},"end":{"line":8,"column":13}},"4":{"start":{"line":7,"column":16},"end":{"line":7,"column":127}},"5":{"start":{"line":10,"column":47},"end":{"line":13,"column":14}},"6":{"start":{"line":15,"column":12},"end":{"line":17,"column":13}},"7":{"start":{"line":16,"column":16},"end":{"line":16,"column":117}},"8":{"start":{"line":19,"column":29},"end":{"line":27,"column":14}},"9":{"start":{"line":28,"column":12},"end":{"line":28,"column":51}},"10":{"start":{"line":30,"column":12},"end":{"line":30,"column":55}},"11":{"start":{"line":31,"column":12},"end":{"line":31,"column":90}},"12":{"start":{"line":36,"column":8},"end":{"line":50,"column":9}},"13":{"start":{"line":37,"column":23},"end":{"line":37,"column":38}},"14":{"start":{"line":38,"column":12},"end":{"line":44,"column":13}},"15":{"start":{"line":39,"column":30},"end":{"line":39,"column":97}},"16":{"start":{"line":40,"column":16},"end":{"line":42,"column":17}},"17":{"start":{"line":41,"column":20},"end":{"line":41,"column":82}},"18":{"start":{"line":43,"column":16},"end":{"line":43,"column":52}},"19":{"start":{"line":45,"column":26},"end":{"line":45,"column":67}},"20":{"start":{"line":46,"column":12},"end":{"line":46,"column":48}},"21":{"start":{"line":48,"column":12},"end":{"line":48,"column":55}},"22":{"start":{"line":49,"column":12},"end":{"line":49,"column":92}},"23":{"start":{"line":54,"column":8},"end":{"line":88,"column":9}},"24":{"start":{"line":55,"column":23},"end":{"line":55,"column":38}},"25":{"start":{"line":56,"column":12},"end":{"line":58,"column":13}},"26":{"start":{"line":57,"column":16},"end":{"line":57,"column":83}},"27":{"start":{"line":59,"column":104},"end":{"line":59,"column":112}},"28":{"start":{"line":61,"column":12},"end":{"line":63,"column":13}},"29":{"start":{"line":62,"column":16},"end":{"line":62,"column":127}},"30":{"start":{"line":65,"column":47},"end":{"line":68,"column":14}},"31":{"start":{"line":70,"column":12},"end":{"line":72,"column":13}},"32":{"start":{"line":71,"column":16},"end":{"line":71,"column":117}},"33":{"start":{"line":74,"column":33},"end":{"line":82,"column":14}},"34":{"start":{"line":84,"column":12},"end":{"line":84,"column":55}},"35":{"start":{"line":86,"column":12},"end":{"line":86,"column":57}},"36":{"start":{"line":87,"column":12},"end":{"line":87,"column":92}},"37":{"start":{"line":91,"column":8},"end":{"line":104,"column":9}},"38":{"start":{"line":92,"column":23},"end":{"line":92,"column":38}},"39":{"start":{"line":93,"column":12},"end":{"line":95,"column":13}},"40":{"start":{"line":94,"column":16},"end":{"line":94,"column":83}},"41":{"start":{"line":96,"column":33},"end":{"line":96,"column":63}},"42":{"start":{"line":97,"column":12},"end":{"line":99,"column":13}},"43":{"start":{"line":98,"column":16},"end":{"line":98,"column":76}},"44":{"start":{"line":100,"column":12},"end":{"line":100,"column":55}},"45":{"start":{"line":102,"column":12},"end":{"line":102,"column":57}},"46":{"start":{"line":103,"column":12},"end":{"line":103,"column":92}}},"fnMap":{"0":{"name":"(anonymous_0)","decl":{"start":{"line":2,"column":17},"end":{"line":2,"column":18}},"loc":{"start":{"line":2,"column":43},"end":{"line":33,"column":5}},"line":2},"1":{"name":"(anonymous_1)","decl":{"start":{"line":35,"column":15},"end":{"line":35,"column":16}},"loc":{"start":{"line":35,"column":35},"end":{"line":51,"column":5}},"line":35},"2":{"name":"(anonymous_2)","decl":{"start":{"line":53,"column":17},"end":{"line":53,"column":18}},"loc":{"start":{"line":53,"column":37},"end":{"line":89,"column":5}},"line":53},"3":{"name":"(anonymous_3)","decl":{"start":{"line":90,"column":17},"end":{"line":90,"column":18}},"loc":{"start":{"line":90,"column":37},"end":{"line":105,"column":5}},"line":90}},"branchMap":{"0":{"loc":{"start":{"line":6,"column":12},"end":{"line":8,"column":13}},"type":"if","locations":[{"start":{"line":6,"column":12},"end":{"line":8,"column":13}},{"start":{},"end":{}}],"line":6},"1":{"loc":{"start":{"line":6,"column":16},"end":{"line":6,"column":64}},"type":"binary-expr","locations":[{"start":{"line":6,"column":16},"end":{"line":6,"column":24}},{"start":{"line":6,"column":28},"end":{"line":6,"column":36}},{"start":{"line":6,"column":40},"end":{"line":6,"column":49}},{"start":{"line":6,"column":53},"end":{"line":6,"column":64}}],"line":6},"2":{"loc":{"start":{"line":15,"column":12},"end":{"line":17,"column":13}},"type":"if","locations":[{"start":{"line":15,"column":12},"end":{"line":17,"column":13}},{"start":{},"end":{}}],"line":15},"3":{"loc":{"start":{"line":15,"column":16},"end":{"line":15,"column":44}},"type":"binary-expr","locations":[{"start":{"line":15,"column":16},"end":{"line":15,"column":28}},{"start":{"line":15,"column":32},"end":{"line":15,"column":44}}],"line":15},"4":{"loc":{"start":{"line":16,"column":57},"end":{"line":16,"column":113}},"type":"cond-expr","locations":[{"start":{"line":16,"column":72},"end":{"line":16,"column":91}},{"start":{"line":16,"column":94},"end":{"line":16,"column":113}}],"line":16},"5":{"loc":{"start":{"line":38,"column":12},"end":{"line":44,"column":13}},"type":"if","locations":[{"start":{"line":38,"column":12},"end":{"line":44,"column":13}},{"start":{},"end":{}}],"line":38},"6":{"loc":{"start":{"line":40,"column":16},"end":{"line":42,"column":17}},"type":"if","locations":[{"start":{"line":40,"column":16},"end":{"line":42,"column":17}},{"start":{},"end":{}}],"line":40},"7":{"loc":{"start":{"line":56,"column":12},"end":{"line":58,"column":13}},"type":"if","locations":[{"start":{"line":56,"column":12},"end":{"line":58,"column":13}},{"start":{},"end":{}}],"line":56},"8":{"loc":{"start":{"line":61,"column":12},"end":{"line":63,"column":13}},"type":"if","locations":[{"start":{"line":61,"column":12},"end":{"line":63,"column":13}},{"start":{},"end":{}}],"line":61},"9":{"loc":{"start":{"line":61,"column":16},"end":{"line":61,"column":64}},"type":"binary-expr","locations":[{"start":{"line":61,"column":16},"end":{"line":61,"column":24}},{"start":{"line":61,"column":28},"end":{"line":61,"column":36}},{"start":{"line":61,"column":40},"end":{"line":61,"column":49}},{"start":{"line":61,"column":53},"end":{"line":61,"column":64}}],"line":61},"10":{"loc":{"start":{"line":70,"column":12},"end":{"line":72,"column":13}},"type":"if","locations":[{"start":{"line":70,"column":12},"end":{"line":72,"column":13}},{"start":{},"end":{}}],"line":70},"11":{"loc":{"start":{"line":70,"column":16},"end":{"line":70,"column":44}},"type":"binary-expr","locations":[{"start":{"line":70,"column":16},"end":{"line":70,"column":28}},{"start":{"line":70,"column":32},"end":{"line":70,"column":44}}],"line":70},"12":{"loc":{"start":{"line":71,"column":57},"end":{"line":71,"column":113}},"type":"cond-expr","locations":[{"start":{"line":71,"column":72},"end":{"line":71,"column":91}},{"start":{"line":71,"column":94},"end":{"line":71,"column":113}}],"line":71},"13":{"loc":{"start":{"line":93,"column":12},"end":{"line":95,"column":13}},"type":"if","locations":[{"start":{"line":93,"column":12},"end":{"line":95,"column":13}},{"start":{},"end":{}}],"line":93},"14":{"loc":{"start":{"line":97,"column":12},"end":{"line":99,"column":13}},"type":"if","locations":[{"start":{"line":97,"column":12},"end":{"line":99,"column":13}},{"start":{},"end":{}}],"line":97}},"s":{"0":0,"1":0,"2":0,"3":0,"4":0,"5":0,"6":0,"7":0,"8":0,"9":0,"10":0,"11":0,"12":0,"13":0,"14":0,"15":0,"16":0,"17":0,"18":0,"19":0,"20":0,"21":0,"22":0,"23":0,"24":0,"25":0,"26":0,"27":0,"28":0,"29":0,"30":0,"31":0,"32":0,"33":0,"34":0,"35":0,"36":0,"37":0,"38":0,"39":0,"40":0,"41":0,"42":0,"43":0,"44":0,"45":0,"46":0},"f":{"0":0,"1":0,"2":0,"3":0},"b":{"0":[0,0],"1":[0,0,0,0],"2":[0,0],"3":[0,0],"4":[0,0],"5":[0,0],"6":[0,0],"7":[0,0],"8":[0,0],"9":[0,0,0,0],"10":[0,0],"11":[0,0],"12":[0,0],"13":[0,0],"14":[0,0]},"all":true},"E:\\quanlyhs\\quanlyhs_be\\api\\controllers\\StudentController.js":{"path":"E:\\quanlyhs\\quanlyhs_be\\api\\controllers\\StudentController.js","statementMap":{"0":{"start":{"line":1,"column":0},"end":{"line":129,"column":1}},"1":{"start":{"line":4,"column":8},"end":{"line":33,"column":9}},"2":{"start":{"line":5,"column":85},"end":{"line":5,"column":93}},"3":{"start":{"line":6,"column":12},"end":{"line":8,"column":13}},"4":{"start":{"line":7,"column":16},"end":{"line":7,"column":78}},"5":{"start":{"line":9,"column":39},"end":{"line":12,"column":14}},"6":{"start":{"line":13,"column":12},"end":{"line":15,"column":13}},"7":{"start":{"line":14,"column":16},"end":{"line":14,"column":120}},"8":{"start":{"line":16,"column":28},"end":{"line":25,"column":14}},"9":{"start":{"line":29,"column":12},"end":{"line":29,"column":50}},"10":{"start":{"line":31,"column":12},"end":{"line":31,"column":59}},"11":{"start":{"line":32,"column":12},"end":{"line":32,"column":92}},"12":{"start":{"line":37,"column":8},"end":{"line":51,"column":9}},"13":{"start":{"line":38,"column":23},"end":{"line":38,"column":38}},"14":{"start":{"line":39,"column":12},"end":{"line":45,"column":13}},"15":{"start":{"line":40,"column":32},"end":{"line":40,"column":61}},"16":{"start":{"line":41,"column":16},"end":{"line":43,"column":17}},"17":{"start":{"line":42,"column":20},"end":{"line":42,"column":90}},"18":{"start":{"line":44,"column":16},"end":{"line":44,"column":54}},"19":{"start":{"line":46,"column":25},"end":{"line":46,"column":68}},"20":{"start":{"line":47,"column":12},"end":{"line":47,"column":47}},"21":{"start":{"line":49,"column":12},"end":{"line":49,"column":57}},"22":{"start":{"line":50,"column":12},"end":{"line":50,"column":92}},"23":{"start":{"line":55,"column":8},"end":{"line":88,"column":9}},"24":{"start":{"line":56,"column":23},"end":{"line":56,"column":38}},"25":{"start":{"line":57,"column":12},"end":{"line":59,"column":13}},"26":{"start":{"line":58,"column":16},"end":{"line":58,"column":76}},"27":{"start":{"line":60,"column":85},"end":{"line":60,"column":93}},"28":{"start":{"line":61,"column":12},"end":{"line":63,"column":13}},"29":{"start":{"line":62,"column":16},"end":{"line":62,"column":76}},"30":{"start":{"line":64,"column":39},"end":{"line":67,"column":14}},"31":{"start":{"line":68,"column":12},"end":{"line":70,"column":13}},"32":{"start":{"line":69,"column":16},"end":{"line":69,"column":120}},"33":{"start":{"line":71,"column":28},"end":{"line":80,"column":14}},"34":{"start":{"line":81,"column":12},"end":{"line":83,"column":13}},"35":{"start":{"line":82,"column":16},"end":{"line":82,"column":80}},"36":{"start":{"line":84,"column":12},"end":{"line":84,"column":50}},"37":{"start":{"line":86,"column":12},"end":{"line":86,"column":59}},"38":{"start":{"line":87,"column":12},"end":{"line":87,"column":92}},"39":{"start":{"line":92,"column":8},"end":{"line":105,"column":9}},"40":{"start":{"line":93,"column":23},"end":{"line":93,"column":38}},"41":{"start":{"line":94,"column":12},"end":{"line":96,"column":13}},"42":{"start":{"line":95,"column":16},"end":{"line":95,"column":76}},"43":{"start":{"line":97,"column":35},"end":{"line":97,"column":67}},"44":{"start":{"line":98,"column":12},"end":{"line":100,"column":13}},"45":{"start":{"line":99,"column":16},"end":{"line":99,"column":84}},"46":{"start":{"line":101,"column":12},"end":{"line":101,"column":57}},"47":{"start":{"line":103,"column":12},"end":{"line":103,"column":59}},"48":{"start":{"line":104,"column":12},"end":{"line":104,"column":92}},"49":{"start":{"line":109,"column":8},"end":{"line":126,"column":9}},"50":{"start":{"line":110,"column":31},"end":{"line":110,"column":62}},"51":{"start":{"line":111,"column":12},"end":{"line":113,"column":13}},"52":{"start":{"line":112,"column":16},"end":{"line":112,"column":49}},"53":{"start":{"line":114,"column":31},"end":{"line":114,"column":91}},"54":{"start":{"line":115,"column":27},"end":{"line":120,"column":13}},"55":{"start":{"line":121,"column":27},"end":{"line":121,"column":78}},"56":{"start":{"line":122,"column":12},"end":{"line":122,"column":49}},"57":{"start":{"line":124,"column":12},"end":{"line":124,"column":59}},"58":{"start":{"line":125,"column":12},"end":{"line":125,"column":92}}},"fnMap":{"0":{"name":"(anonymous_0)","decl":{"start":{"line":3,"column":19},"end":{"line":3,"column":20}},"loc":{"start":{"line":3,"column":39},"end":{"line":34,"column":5}},"line":3},"1":{"name":"(anonymous_1)","decl":{"start":{"line":36,"column":17},"end":{"line":36,"column":18}},"loc":{"start":{"line":36,"column":37},"end":{"line":52,"column":5}},"line":36},"2":{"name":"(anonymous_2)","decl":{"start":{"line":54,"column":19},"end":{"line":54,"column":20}},"loc":{"start":{"line":54,"column":39},"end":{"line":89,"column":5}},"line":54},"3":{"name":"(anonymous_3)","decl":{"start":{"line":91,"column":19},"end":{"line":91,"column":20}},"loc":{"start":{"line":91,"column":39},"end":{"line":106,"column":5}},"line":91},"4":{"name":"(anonymous_4)","decl":{"start":{"line":108,"column":19},"end":{"line":108,"column":20}},"loc":{"start":{"line":108,"column":39},"end":{"line":127,"column":5}},"line":108}},"branchMap":{"0":{"loc":{"start":{"line":6,"column":12},"end":{"line":8,"column":13}},"type":"if","locations":[{"start":{"line":6,"column":12},"end":{"line":8,"column":13}},{"start":{},"end":{}}],"line":6},"1":{"loc":{"start":{"line":6,"column":16},"end":{"line":6,"column":95}},"type":"binary-expr","locations":[{"start":{"line":6,"column":16},"end":{"line":6,"column":25}},{"start":{"line":6,"column":29},"end":{"line":6,"column":36}},{"start":{"line":6,"column":40},"end":{"line":6,"column":49}},{"start":{"line":6,"column":53},"end":{"line":6,"column":61}},{"start":{"line":6,"column":65},"end":{"line":6,"column":71}},{"start":{"line":6,"column":75},"end":{"line":6,"column":83}},{"start":{"line":6,"column":87},"end":{"line":6,"column":95}}],"line":6},"2":{"loc":{"start":{"line":13,"column":12},"end":{"line":15,"column":13}},"type":"if","locations":[{"start":{"line":13,"column":12},"end":{"line":15,"column":13}},{"start":{},"end":{}}],"line":13},"3":{"loc":{"start":{"line":13,"column":16},"end":{"line":13,"column":36}},"type":"binary-expr","locations":[{"start":{"line":13,"column":16},"end":{"line":13,"column":22}},{"start":{"line":13,"column":26},"end":{"line":13,"column":36}}],"line":13},"4":{"loc":{"start":{"line":14,"column":57},"end":{"line":14,"column":116}},"type":"cond-expr","locations":[{"start":{"line":14,"column":66},"end":{"line":14,"column":90}},{"start":{"line":14,"column":93},"end":{"line":14,"column":116}}],"line":14},"5":{"loc":{"start":{"line":39,"column":12},"end":{"line":45,"column":13}},"type":"if","locations":[{"start":{"line":39,"column":12},"end":{"line":45,"column":13}},{"start":{},"end":{}}],"line":39},"6":{"loc":{"start":{"line":41,"column":16},"end":{"line":43,"column":17}},"type":"if","locations":[{"start":{"line":41,"column":16},"end":{"line":43,"column":17}},{"start":{},"end":{}}],"line":41},"7":{"loc":{"start":{"line":57,"column":12},"end":{"line":59,"column":13}},"type":"if","locations":[{"start":{"line":57,"column":12},"end":{"line":59,"column":13}},{"start":{},"end":{}}],"line":57},"8":{"loc":{"start":{"line":61,"column":12},"end":{"line":63,"column":13}},"type":"if","locations":[{"start":{"line":61,"column":12},"end":{"line":63,"column":13}},{"start":{},"end":{}}],"line":61},"9":{"loc":{"start":{"line":61,"column":16},"end":{"line":61,"column":95}},"type":"binary-expr","locations":[{"start":{"line":61,"column":16},"end":{"line":61,"column":25}},{"start":{"line":61,"column":29},"end":{"line":61,"column":36}},{"start":{"line":61,"column":40},"end":{"line":61,"column":49}},{"start":{"line":61,"column":53},"end":{"line":61,"column":61}},{"start":{"line":61,"column":65},"end":{"line":61,"column":71}},{"start":{"line":61,"column":75},"end":{"line":61,"column":83}},{"start":{"line":61,"column":87},"end":{"line":61,"column":95}}],"line":61},"10":{"loc":{"start":{"line":68,"column":12},"end":{"line":70,"column":13}},"type":"if","locations":[{"start":{"line":68,"column":12},"end":{"line":70,"column":13}},{"start":{},"end":{}}],"line":68},"11":{"loc":{"start":{"line":68,"column":16},"end":{"line":68,"column":36}},"type":"binary-expr","locations":[{"start":{"line":68,"column":16},"end":{"line":68,"column":22}},{"start":{"line":68,"column":26},"end":{"line":68,"column":36}}],"line":68},"12":{"loc":{"start":{"line":69,"column":57},"end":{"line":69,"column":116}},"type":"cond-expr","locations":[{"start":{"line":69,"column":66},"end":{"line":69,"column":90}},{"start":{"line":69,"column":93},"end":{"line":69,"column":116}}],"line":69},"13":{"loc":{"start":{"line":81,"column":12},"end":{"line":83,"column":13}},"type":"if","locations":[{"start":{"line":81,"column":12},"end":{"line":83,"column":13}},{"start":{},"end":{}}],"line":81},"14":{"loc":{"start":{"line":94,"column":12},"end":{"line":96,"column":13}},"type":"if","locations":[{"start":{"line":94,"column":12},"end":{"line":96,"column":13}},{"start":{},"end":{}}],"line":94},"15":{"loc":{"start":{"line":98,"column":12},"end":{"line":100,"column":13}},"type":"if","locations":[{"start":{"line":98,"column":12},"end":{"line":100,"column":13}},{"start":{},"end":{}}],"line":98},"16":{"loc":{"start":{"line":110,"column":32},"end":{"line":110,"column":54}},"type":"binary-expr","locations":[{"start":{"line":110,"column":32},"end":{"line":110,"column":48}},{"start":{"line":110,"column":52},"end":{"line":110,"column":54}}],"line":110},"17":{"loc":{"start":{"line":111,"column":12},"end":{"line":113,"column":13}},"type":"if","locations":[{"start":{"line":111,"column":12},"end":{"line":113,"column":13}},{"start":{},"end":{}}],"line":111}},"s":{"0":0,"1":0,"2":0,"3":0,"4":0,"5":0,"6":0,"7":0,"8":0,"9":0,"10":0,"11":0,"12":0,"13":0,"14":0,"15":0,"16":0,"17":0,"18":0,"19":0,"20":0,"21":0,"22":0,"23":0,"24":0,"25":0,"26":0,"27":0,"28":0,"29":0,"30":0,"31":0,"32":0,"33":0,"34":0,"35":0,"36":0,"37":0,"38":0,"39":0,"40":0,"41":0,"42":0,"43":0,"44":0,"45":0,"46":0,"47":0,"48":0,"49":0,"50":0,"51":0,"52":0,"53":0,"54":0,"55":0,"56":0,"57":0,"58":0},"f":{"0":0,"1":0,"2":0,"3":0,"4":0},"b":{"0":[0,0],"1":[0,0,0,0,0,0,0],"2":[0,0],"3":[0,0],"4":[0,0],"5":[0,0],"6":[0,0],"7":[0,0],"8":[0,0],"9":[0,0,0,0,0,0,0],"10":[0,0],"11":[0,0],"12":[0,0],"13":[0,0],"14":[0,0],"15":[0,0],"16":[0,0],"17":[0,0]},"all":true},"E:\\quanlyhs\\quanlyhs_be\\api\\controllers\\SubjectController.js":{"path":"E:\\quanlyhs\\quanlyhs_be\\api\\controllers\\SubjectController.js","statementMap":{"0":{"start":{"line":1,"column":0},"end":{"line":94,"column":1}},"1":{"start":{"line":3,"column":8},"end":{"line":13,"column":9}},"2":{"start":{"line":4,"column":42},"end":{"line":4,"column":50}},"3":{"start":{"line":5,"column":12},"end":{"line":7,"column":13}},"4":{"start":{"line":6,"column":16},"end":{"line":6,"column":71}},"5":{"start":{"line":8,"column":31},"end":{"line":8,"column":74}},"6":{"start":{"line":9,"column":12},"end":{"line":9,"column":53}},"7":{"start":{"line":11,"column":12},"end":{"line":11,"column":59}},"8":{"start":{"line":12,"column":12},"end":{"line":12,"column":92}},"9":{"start":{"line":19,"column":8},"end":{"line":33,"column":9}},"10":{"start":{"line":20,"column":23},"end":{"line":20,"column":38}},"11":{"start":{"line":21,"column":12},"end":{"line":27,"column":13}},"12":{"start":{"line":22,"column":32},"end":{"line":22,"column":61}},"13":{"start":{"line":23,"column":16},"end":{"line":25,"column":17}},"14":{"start":{"line":24,"column":20},"end":{"line":24,"column":75}},"15":{"start":{"line":26,"column":16},"end":{"line":26,"column":54}},"16":{"start":{"line":28,"column":32},"end":{"line":28,"column":75}},"17":{"start":{"line":29,"column":12},"end":{"line":29,"column":54}},"18":{"start":{"line":31,"column":12},"end":{"line":31,"column":57}},"19":{"start":{"line":32,"column":12},"end":{"line":32,"column":92}},"20":{"start":{"line":37,"column":8},"end":{"line":54,"column":9}},"21":{"start":{"line":38,"column":23},"end":{"line":38,"column":38}},"22":{"start":{"line":39,"column":12},"end":{"line":41,"column":13}},"23":{"start":{"line":40,"column":16},"end":{"line":40,"column":71}},"24":{"start":{"line":42,"column":42},"end":{"line":42,"column":50}},"25":{"start":{"line":43,"column":12},"end":{"line":45,"column":13}},"26":{"start":{"line":44,"column":16},"end":{"line":44,"column":71}},"27":{"start":{"line":46,"column":31},"end":{"line":46,"column":89}},"28":{"start":{"line":47,"column":12},"end":{"line":49,"column":13}},"29":{"start":{"line":48,"column":16},"end":{"line":48,"column":71}},"30":{"start":{"line":50,"column":12},"end":{"line":50,"column":53}},"31":{"start":{"line":52,"column":12},"end":{"line":52,"column":59}},"32":{"start":{"line":53,"column":12},"end":{"line":53,"column":92}},"33":{"start":{"line":57,"column":8},"end":{"line":70,"column":9}},"34":{"start":{"line":58,"column":23},"end":{"line":58,"column":38}},"35":{"start":{"line":59,"column":12},"end":{"line":61,"column":13}},"36":{"start":{"line":60,"column":16},"end":{"line":60,"column":76}},"37":{"start":{"line":62,"column":34},"end":{"line":62,"column":66}},"38":{"start":{"line":63,"column":12},"end":{"line":65,"column":13}},"39":{"start":{"line":64,"column":16},"end":{"line":64,"column":83}},"40":{"start":{"line":66,"column":12},"end":{"line":66,"column":56}},"41":{"start":{"line":68,"column":12},"end":{"line":68,"column":59}},"42":{"start":{"line":69,"column":12},"end":{"line":69,"column":92}},"43":{"start":{"line":74,"column":8},"end":{"line":91,"column":9}},"44":{"start":{"line":75,"column":31},"end":{"line":75,"column":62}},"45":{"start":{"line":76,"column":12},"end":{"line":78,"column":13}},"46":{"start":{"line":77,"column":16},"end":{"line":77,"column":49}},"47":{"start":{"line":79,"column":31},"end":{"line":79,"column":91}},"48":{"start":{"line":80,"column":27},"end":{"line":85,"column":13}},"49":{"start":{"line":86,"column":27},"end":{"line":86,"column":78}},"50":{"start":{"line":87,"column":12},"end":{"line":87,"column":49}},"51":{"start":{"line":89,"column":12},"end":{"line":89,"column":59}},"52":{"start":{"line":90,"column":12},"end":{"line":90,"column":92}}},"fnMap":{"0":{"name":"(anonymous_0)","decl":{"start":{"line":2,"column":19},"end":{"line":2,"column":20}},"loc":{"start":{"line":2,"column":39},"end":{"line":14,"column":5}},"line":2},"1":{"name":"(anonymous_1)","decl":{"start":{"line":18,"column":17},"end":{"line":18,"column":18}},"loc":{"start":{"line":18,"column":37},"end":{"line":34,"column":5}},"line":18},"2":{"name":"(anonymous_2)","decl":{"start":{"line":36,"column":19},"end":{"line":36,"column":20}},"loc":{"start":{"line":36,"column":39},"end":{"line":55,"column":5}},"line":36},"3":{"name":"(anonymous_3)","decl":{"start":{"line":56,"column":19},"end":{"line":56,"column":20}},"loc":{"start":{"line":56,"column":39},"end":{"line":71,"column":5}},"line":56},"4":{"name":"(anonymous_4)","decl":{"start":{"line":73,"column":19},"end":{"line":73,"column":20}},"loc":{"start":{"line":73,"column":39},"end":{"line":92,"column":5}},"line":73}},"branchMap":{"0":{"loc":{"start":{"line":5,"column":12},"end":{"line":7,"column":13}},"type":"if","locations":[{"start":{"line":5,"column":12},"end":{"line":7,"column":13}},{"start":{},"end":{}}],"line":5},"1":{"loc":{"start":{"line":5,"column":16},"end":{"line":5,"column":37}},"type":"binary-expr","locations":[{"start":{"line":5,"column":16},"end":{"line":5,"column":21}},{"start":{"line":5,"column":25},"end":{"line":5,"column":37}}],"line":5},"2":{"loc":{"start":{"line":21,"column":12},"end":{"line":27,"column":13}},"type":"if","locations":[{"start":{"line":21,"column":12},"end":{"line":27,"column":13}},{"start":{},"end":{}}],"line":21},"3":{"loc":{"start":{"line":23,"column":16},"end":{"line":25,"column":17}},"type":"if","locations":[{"start":{"line":23,"column":16},"end":{"line":25,"column":17}},{"start":{},"end":{}}],"line":23},"4":{"loc":{"start":{"line":39,"column":12},"end":{"line":41,"column":13}},"type":"if","locations":[{"start":{"line":39,"column":12},"end":{"line":41,"column":13}},{"start":{},"end":{}}],"line":39},"5":{"loc":{"start":{"line":43,"column":12},"end":{"line":45,"column":13}},"type":"if","locations":[{"start":{"line":43,"column":12},"end":{"line":45,"column":13}},{"start":{},"end":{}}],"line":43},"6":{"loc":{"start":{"line":43,"column":16},"end":{"line":43,"column":37}},"type":"binary-expr","locations":[{"start":{"line":43,"column":16},"end":{"line":43,"column":21}},{"start":{"line":43,"column":25},"end":{"line":43,"column":37}}],"line":43},"7":{"loc":{"start":{"line":47,"column":12},"end":{"line":49,"column":13}},"type":"if","locations":[{"start":{"line":47,"column":12},"end":{"line":49,"column":13}},{"start":{},"end":{}}],"line":47},"8":{"loc":{"start":{"line":59,"column":12},"end":{"line":61,"column":13}},"type":"if","locations":[{"start":{"line":59,"column":12},"end":{"line":61,"column":13}},{"start":{},"end":{}}],"line":59},"9":{"loc":{"start":{"line":63,"column":12},"end":{"line":65,"column":13}},"type":"if","locations":[{"start":{"line":63,"column":12},"end":{"line":65,"column":13}},{"start":{},"end":{}}],"line":63},"10":{"loc":{"start":{"line":75,"column":32},"end":{"line":75,"column":54}},"type":"binary-expr","locations":[{"start":{"line":75,"column":32},"end":{"line":75,"column":48}},{"start":{"line":75,"column":52},"end":{"line":75,"column":54}}],"line":75},"11":{"loc":{"start":{"line":76,"column":12},"end":{"line":78,"column":13}},"type":"if","locations":[{"start":{"line":76,"column":12},"end":{"line":78,"column":13}},{"start":{},"end":{}}],"line":76}},"s":{"0":0,"1":0,"2":0,"3":0,"4":0,"5":0,"6":0,"7":0,"8":0,"9":0,"10":0,"11":0,"12":0,"13":0,"14":0,"15":0,"16":0,"17":0,"18":0,"19":0,"20":0,"21":0,"22":0,"23":0,"24":0,"25":0,"26":0,"27":0,"28":0,"29":0,"30":0,"31":0,"32":0,"33":0,"34":0,"35":0,"36":0,"37":0,"38":0,"39":0,"40":0,"41":0,"42":0,"43":0,"44":0,"45":0,"46":0,"47":0,"48":0,"49":0,"50":0,"51":0,"52":0},"f":{"0":0,"1":0,"2":0,"3":0,"4":0},"b":{"0":[0,0],"1":[0,0],"2":[0,0],"3":[0,0],"4":[0,0],"5":[0,0],"6":[0,0],"7":[0,0],"8":[0,0],"9":[0,0],"10":[0,0],"11":[0,0]},"all":true},"E:\\quanlyhs\\quanlyhs_be\\api\\controllers\\TeacherController.js":{"path":"E:\\quanlyhs\\quanlyhs_be\\api\\controllers\\TeacherController.js","statementMap":{"0":{"start":{"line":1,"column":0},"end":{"line":166,"column":2}},"1":{"start":{"line":3,"column":8},"end":{"line":54,"column":9}},"2":{"start":{"line":8,"column":16},"end":{"line":8,"column":24}},"3":{"start":{"line":9,"column":12},"end":{"line":13,"column":13}},"4":{"start":{"line":12,"column":16},"end":{"line":12,"column":78}},"5":{"start":{"line":14,"column":66},"end":{"line":19,"column":14}},"6":{"start":{"line":20,"column":12},"end":{"line":22,"column":13}},"7":{"start":{"line":21,"column":16},"end":{"line":21,"column":201}},"8":{"start":{"line":23,"column":31},"end":{"line":40,"column":14}},"9":{"start":{"line":41,"column":30},"end":{"line":48,"column":13}},"10":{"start":{"line":49,"column":12},"end":{"line":49,"column":59}},"11":{"start":{"line":50,"column":12},"end":{"line":50,"column":52}},"12":{"start":{"line":52,"column":12},"end":{"line":52,"column":59}},"13":{"start":{"line":53,"column":12},"end":{"line":53,"column":92}},"14":{"start":{"line":57,"column":8},"end":{"line":71,"column":9}},"15":{"start":{"line":58,"column":23},"end":{"line":58,"column":38}},"16":{"start":{"line":59,"column":12},"end":{"line":65,"column":13}},"17":{"start":{"line":60,"column":32},"end":{"line":60,"column":142}},"18":{"start":{"line":61,"column":16},"end":{"line":63,"column":17}},"19":{"start":{"line":62,"column":20},"end":{"line":62,"column":90}},"20":{"start":{"line":64,"column":16},"end":{"line":64,"column":54}},"21":{"start":{"line":66,"column":25},"end":{"line":66,"column":68}},"22":{"start":{"line":67,"column":12},"end":{"line":67,"column":47}},"23":{"start":{"line":69,"column":12},"end":{"line":69,"column":57}},"24":{"start":{"line":70,"column":12},"end":{"line":70,"column":92}},"25":{"start":{"line":74,"column":8},"end":{"line":127,"column":9}},"26":{"start":{"line":79,"column":16},"end":{"line":79,"column":24}},"27":{"start":{"line":80,"column":12},"end":{"line":84,"column":13}},"28":{"start":{"line":83,"column":16},"end":{"line":83,"column":78}},"29":{"start":{"line":85,"column":66},"end":{"line":90,"column":14}},"30":{"start":{"line":91,"column":12},"end":{"line":93,"column":13}},"31":{"start":{"line":92,"column":16},"end":{"line":92,"column":201}},"32":{"start":{"line":94,"column":28},"end":{"line":111,"column":14}},"33":{"start":{"line":112,"column":30},"end":{"line":119,"column":13}},"34":{"start":{"line":120,"column":12},"end":{"line":122,"column":13}},"35":{"start":{"line":121,"column":16},"end":{"line":121,"column":80}},"36":{"start":{"line":123,"column":12},"end":{"line":123,"column":52}},"37":{"start":{"line":125,"column":12},"end":{"line":125,"column":59}},"38":{"start":{"line":126,"column":12},"end":{"line":126,"column":92}},"39":{"start":{"line":130,"column":8},"end":{"line":143,"column":9}},"40":{"start":{"line":131,"column":23},"end":{"line":131,"column":38}},"41":{"start":{"line":132,"column":12},"end":{"line":134,"column":13}},"42":{"start":{"line":133,"column":16},"end":{"line":133,"column":76}},"43":{"start":{"line":135,"column":34},"end":{"line":135,"column":66}},"44":{"start":{"line":136,"column":12},"end":{"line":138,"column":13}},"45":{"start":{"line":137,"column":16},"end":{"line":137,"column":85}},"46":{"start":{"line":139,"column":12},"end":{"line":139,"column":56}},"47":{"start":{"line":141,"column":12},"end":{"line":141,"column":59}},"48":{"start":{"line":142,"column":12},"end":{"line":142,"column":92}},"49":{"start":{"line":147,"column":8},"end":{"line":163,"column":9}},"50":{"start":{"line":148,"column":31},"end":{"line":148,"column":62}},"51":{"start":{"line":149,"column":12},"end":{"line":151,"column":13}},"52":{"start":{"line":150,"column":16},"end":{"line":150,"column":49}},"53":{"start":{"line":152,"column":31},"end":{"line":152,"column":91}},"54":{"start":{"line":153,"column":27},"end":{"line":157,"column":13}},"55":{"start":{"line":158,"column":27},"end":{"line":158,"column":78}},"56":{"start":{"line":159,"column":12},"end":{"line":159,"column":49}},"57":{"start":{"line":161,"column":12},"end":{"line":161,"column":59}},"58":{"start":{"line":162,"column":12},"end":{"line":162,"column":92}}},"fnMap":{"0":{"name":"(anonymous_0)","decl":{"start":{"line":2,"column":19},"end":{"line":2,"column":20}},"loc":{"start":{"line":2,"column":39},"end":{"line":55,"column":5}},"line":2},"1":{"name":"(anonymous_1)","decl":{"start":{"line":56,"column":17},"end":{"line":56,"column":18}},"loc":{"start":{"line":56,"column":37},"end":{"line":72,"column":5}},"line":56},"2":{"name":"(anonymous_2)","decl":{"start":{"line":73,"column":19},"end":{"line":73,"column":20}},"loc":{"start":{"line":73,"column":39},"end":{"line":128,"column":5}},"line":73},"3":{"name":"(anonymous_3)","decl":{"start":{"line":129,"column":19},"end":{"line":129,"column":20}},"loc":{"start":{"line":129,"column":39},"end":{"line":144,"column":5}},"line":129},"4":{"name":"(anonymous_4)","decl":{"start":{"line":146,"column":19},"end":{"line":146,"column":20}},"loc":{"start":{"line":146,"column":39},"end":{"line":164,"column":5}},"line":146}},"branchMap":{"0":{"loc":{"start":{"line":9,"column":12},"end":{"line":13,"column":13}},"type":"if","locations":[{"start":{"line":9,"column":12},"end":{"line":13,"column":13}},{"start":{},"end":{}}],"line":9},"1":{"loc":{"start":{"line":9,"column":16},"end":{"line":11,"column":88}},"type":"binary-expr","locations":[{"start":{"line":9,"column":16},"end":{"line":9,"column":25}},{"start":{"line":9,"column":29},"end":{"line":9,"column":36}},{"start":{"line":9,"column":40},"end":{"line":9,"column":49}},{"start":{"line":9,"column":53},"end":{"line":9,"column":59}},{"start":{"line":9,"column":63},"end":{"line":9,"column":71}},{"start":{"line":10,"column":16},"end":{"line":10,"column":31}},{"start":{"line":10,"column":35},"end":{"line":10,"column":49}},{"start":{"line":10,"column":53},"end":{"line":10,"column":62}},{"start":{"line":10,"column":66},"end":{"line":10,"column":73}},{"start":{"line":11,"column":16},"end":{"line":11,"column":23}},{"start":{"line":11,"column":27},"end":{"line":11,"column":35}},{"start":{"line":11,"column":39},"end":{"line":11,"column":47}},{"start":{"line":11,"column":51},"end":{"line":11,"column":59}},{"start":{"line":11,"column":63},"end":{"line":11,"column":74}},{"start":{"line":11,"column":78},"end":{"line":11,"column":88}}],"line":9},"2":{"loc":{"start":{"line":20,"column":12},"end":{"line":22,"column":13}},"type":"if","locations":[{"start":{"line":20,"column":12},"end":{"line":22,"column":13}},{"start":{},"end":{}}],"line":20},"3":{"loc":{"start":{"line":20,"column":16},"end":{"line":20,"column":69}},"type":"binary-expr","locations":[{"start":{"line":20,"column":16},"end":{"line":20,"column":22}},{"start":{"line":20,"column":26},"end":{"line":20,"column":36}},{"start":{"line":20,"column":40},"end":{"line":20,"column":53}},{"start":{"line":20,"column":57},"end":{"line":20,"column":69}}],"line":20},"4":{"loc":{"start":{"line":21,"column":57},"end":{"line":21,"column":197}},"type":"cond-expr","locations":[{"start":{"line":21,"column":66},"end":{"line":21,"column":90}},{"start":{"line":21,"column":93},"end":{"line":21,"column":197}}],"line":21},"5":{"loc":{"start":{"line":21,"column":93},"end":{"line":21,"column":197}},"type":"cond-expr","locations":[{"start":{"line":21,"column":106},"end":{"line":21,"column":129}},{"start":{"line":21,"column":132},"end":{"line":21,"column":197}}],"line":21},"6":{"loc":{"start":{"line":21,"column":132},"end":{"line":21,"column":197}},"type":"cond-expr","locations":[{"start":{"line":21,"column":148},"end":{"line":21,"column":171}},{"start":{"line":21,"column":174},"end":{"line":21,"column":197}}],"line":21},"7":{"loc":{"start":{"line":59,"column":12},"end":{"line":65,"column":13}},"type":"if","locations":[{"start":{"line":59,"column":12},"end":{"line":65,"column":13}},{"start":{},"end":{}}],"line":59},"8":{"loc":{"start":{"line":61,"column":16},"end":{"line":63,"column":17}},"type":"if","locations":[{"start":{"line":61,"column":16},"end":{"line":63,"column":17}},{"start":{},"end":{}}],"line":61},"9":{"loc":{"start":{"line":80,"column":12},"end":{"line":84,"column":13}},"type":"if","locations":[{"start":{"line":80,"column":12},"end":{"line":84,"column":13}},{"start":{},"end":{}}],"line":80},"10":{"loc":{"start":{"line":80,"column":16},"end":{"line":82,"column":88}},"type":"binary-expr","locations":[{"start":{"line":80,"column":16},"end":{"line":80,"column":25}},{"start":{"line":80,"column":29},"end":{"line":80,"column":36}},{"start":{"line":80,"column":40},"end":{"line":80,"column":49}},{"start":{"line":80,"column":53},"end":{"line":80,"column":59}},{"start":{"line":80,"column":63},"end":{"line":80,"column":71}},{"start":{"line":81,"column":16},"end":{"line":81,"column":31}},{"start":{"line":81,"column":35},"end":{"line":81,"column":49}},{"start":{"line":81,"column":53},"end":{"line":81,"column":62}},{"start":{"line":81,"column":66},"end":{"line":81,"column":73}},{"start":{"line":82,"column":16},"end":{"line":82,"column":23}},{"start":{"line":82,"column":27},"end":{"line":82,"column":35}},{"start":{"line":82,"column":39},"end":{"line":82,"column":47}},{"start":{"line":82,"column":51},"end":{"line":82,"column":59}},{"start":{"line":82,"column":63},"end":{"line":82,"column":74}},{"start":{"line":82,"column":78},"end":{"line":82,"column":88}}],"line":80},"11":{"loc":{"start":{"line":91,"column":12},"end":{"line":93,"column":13}},"type":"if","locations":[{"start":{"line":91,"column":12},"end":{"line":93,"column":13}},{"start":{},"end":{}}],"line":91},"12":{"loc":{"start":{"line":91,"column":16},"end":{"line":91,"column":69}},"type":"binary-expr","locations":[{"start":{"line":91,"column":16},"end":{"line":91,"column":22}},{"start":{"line":91,"column":26},"end":{"line":91,"column":36}},{"start":{"line":91,"column":40},"end":{"line":91,"column":53}},{"start":{"line":91,"column":57},"end":{"line":91,"column":69}}],"line":91},"13":{"loc":{"start":{"line":92,"column":57},"end":{"line":92,"column":197}},"type":"cond-expr","locations":[{"start":{"line":92,"column":66},"end":{"line":92,"column":90}},{"start":{"line":92,"column":93},"end":{"line":92,"column":197}}],"line":92},"14":{"loc":{"start":{"line":92,"column":93},"end":{"line":92,"column":197}},"type":"cond-expr","locations":[{"start":{"line":92,"column":106},"end":{"line":92,"column":129}},{"start":{"line":92,"column":132},"end":{"line":92,"column":197}}],"line":92},"15":{"loc":{"start":{"line":92,"column":132},"end":{"line":92,"column":197}},"type":"cond-expr","locations":[{"start":{"line":92,"column":148},"end":{"line":92,"column":171}},{"start":{"line":92,"column":174},"end":{"line":92,"column":197}}],"line":92},"16":{"loc":{"start":{"line":120,"column":12},"end":{"line":122,"column":13}},"type":"if","locations":[{"start":{"line":120,"column":12},"end":{"line":122,"column":13}},{"start":{},"end":{}}],"line":120},"17":{"loc":{"start":{"line":132,"column":12},"end":{"line":134,"column":13}},"type":"if","locations":[{"start":{"line":132,"column":12},"end":{"line":134,"column":13}},{"start":{},"end":{}}],"line":132},"18":{"loc":{"start":{"line":136,"column":12},"end":{"line":138,"column":13}},"type":"if","locations":[{"start":{"line":136,"column":12},"end":{"line":138,"column":13}},{"start":{},"end":{}}],"line":136},"19":{"loc":{"start":{"line":148,"column":32},"end":{"line":148,"column":54}},"type":"binary-expr","locations":[{"start":{"line":148,"column":32},"end":{"line":148,"column":48}},{"start":{"line":148,"column":52},"end":{"line":148,"column":54}}],"line":148},"20":{"loc":{"start":{"line":149,"column":12},"end":{"line":151,"column":13}},"type":"if","locations":[{"start":{"line":149,"column":12},"end":{"line":151,"column":13}},{"start":{},"end":{}}],"line":149}},"s":{"0":0,"1":0,"2":0,"3":0,"4":0,"5":0,"6":0,"7":0,"8":0,"9":0,"10":0,"11":0,"12":0,"13":0,"14":0,"15":0,"16":0,"17":0,"18":0,"19":0,"20":0,"21":0,"22":0,"23":0,"24":0,"25":0,"26":0,"27":0,"28":0,"29":0,"30":0,"31":0,"32":0,"33":0,"34":0,"35":0,"36":0,"37":0,"38":0,"39":0,"40":0,"41":0,"42":0,"43":0,"44":0,"45":0,"46":0,"47":0,"48":0,"49":0,"50":0,"51":0,"52":0,"53":0,"54":0,"55":0,"56":0,"57":0,"58":0},"f":{"0":0,"1":0,"2":0,"3":0,"4":0},"b":{"0":[0,0],"1":[0,0,0,0,0,0,0,0,0,0,0,0,0,0,0],"2":[0,0],"3":[0,0,0,0],"4":[0,0],"5":[0,0],"6":[0,0],"7":[0,0],"8":[0,0],"9":[0,0],"10":[0,0,0,0,0,0,0,0,0,0,0,0,0,0,0],"11":[0,0],"12":[0,0,0,0],"13":[0,0],"14":[0,0],"15":[0,0],"16":[0,0],"17":[0,0],"18":[0,0],"19":[0,0],"20":[0,0]},"all":true},"E:\\quanlyhs\\quanlyhs_be\\api\\controllers\\UserController.js":{"path":"E:\\quanlyhs\\quanlyhs_be\\api\\controllers\\UserController.js","statementMap":{},"fnMap":{},"branchMap":{},"s":{},"f":{},"b":{},"all":true},"E:\\quanlyhs\\quanlyhs_be\\api\\models\\Account.js":{"path":"E:\\quanlyhs\\quanlyhs_be\\api\\models\\Account.js","statementMap":{"0":{"start":{"line":1,"column":19},"end":{"line":1,"column":59}},"1":{"start":{"line":3,"column":0},"end":{"line":38,"column":2}}},"fnMap":{},"branchMap":{},"s":{"0":0,"1":0},"f":{},"b":{},"all":true},"E:\\quanlyhs\\quanlyhs_be\\api\\models\\Class.js":{"path":"E:\\quanlyhs\\quanlyhs_be\\api\\models\\Class.js","statementMap":{"0":{"start":{"line":1,"column":0},"end":{"line":23,"column":2}}},"fnMap":{},"branchMap":{},"s":{"0":0},"f":{},"b":{},"all":true},"E:\\quanlyhs\\quanlyhs_be\\api\\models\\Client.js":{"path":"E:\\quanlyhs\\quanlyhs_be\\api\\models\\Client.js","statementMap":{"0":{"start":{"line":1,"column":0},"end":{"line":19,"column":2}}},"fnMap":{},"branchMap":{},"s":{"0":0},"f":{},"b":{},"all":true},"E:\\quanlyhs\\quanlyhs_be\\api\\models\\Grade.js":{"path":"E:\\quanlyhs\\quanlyhs_be\\api\\models\\Grade.js","statementMap":{"0":{"start":{"line":1,"column":0},"end":{"line":20,"column":2}}},"fnMap":{},"branchMap":{},"s":{"0":0},"f":{},"b":{},"all":true},"E:\\quanlyhs\\quanlyhs_be\\api\\models\\Position.js":{"path":"E:\\quanlyhs\\quanlyhs_be\\api\\models\\Position.js","statementMap":{"0":{"start":{"line":1,"column":0},"end":{"line":15,"column":2}}},"fnMap":{},"branchMap":{},"s":{"0":0},"f":{},"b":{},"all":true},"E:\\quanlyhs\\quanlyhs_be\\api\\models\\Score.js":{"path":"E:\\quanlyhs\\quanlyhs_be\\api\\models\\Score.js","statementMap":{"0":{"start":{"line":1,"column":0},"end":{"line":65,"column":2}}},"fnMap":{},"branchMap":{},"s":{"0":0},"f":{},"b":{},"all":true},"E:\\quanlyhs\\quanlyhs_be\\api\\models\\Student.js":{"path":"E:\\quanlyhs\\quanlyhs_be\\api\\models\\Student.js","statementMap":{"0":{"start":{"line":1,"column":0},"end":{"line":38,"column":2}}},"fnMap":{},"branchMap":{},"s":{"0":0},"f":{},"b":{},"all":true},"E:\\quanlyhs\\quanlyhs_be\\api\\models\\Subject.js":{"path":"E:\\quanlyhs\\quanlyhs_be\\api\\models\\Subject.js","statementMap":{"0":{"start":{"line":8,"column":0},"end":{"line":29,"column":1}}},"fnMap":{},"branchMap":{},"s":{"0":0},"f":{},"b":{},"all":true},"E:\\quanlyhs\\quanlyhs_be\\api\\models\\Teacher.js":{"path":"E:\\quanlyhs\\quanlyhs_be\\api\\models\\Teacher.js","statementMap":{"0":{"start":{"line":1,"column":0},"end":{"line":60,"column":2}}},"fnMap":{},"branchMap":{},"s":{"0":0},"f":{},"b":{},"all":true},"E:\\quanlyhs\\quanlyhs_be\\api\\models\\Token.js":{"path":"E:\\quanlyhs\\quanlyhs_be\\api\\models\\Token.js","statementMap":{"0":{"start":{"line":1,"column":0},"end":{"line":49,"column":2}}},"fnMap":{},"branchMap":{},"s":{"0":0},"f":{},"b":{},"all":true},"E:\\quanlyhs\\quanlyhs_be\\api\\services\\auth.js":{"path":"E:\\quanlyhs\\quanlyhs_be\\api\\services\\auth.js","statementMap":{"0":{"start":{"line":1,"column":13},"end":{"line":1,"column":28}},"1":{"start":{"line":3,"column":0},"end":{"line":10,"column":1}},"2":{"start":{"line":5,"column":8},"end":{"line":5,"column":25}}},"fnMap":{"0":{"name":"(anonymous_0)","decl":{"start":{"line":4,"column":13},"end":{"line":4,"column":14}},"loc":{"start":{"line":4,"column":25},"end":{"line":6,"column":5}},"line":4}},"branchMap":{},"s":{"0":0,"1":0,"2":0},"f":{"0":0},"b":{},"all":true},"E:\\quanlyhs\\quanlyhs_be\\api\\services\\common.js":{"path":"E:\\quanlyhs\\quanlyhs_be\\api\\services\\common.js","statementMap":{"0":{"start":{"line":1,"column":15},"end":{"line":1,"column":17}},"1":{"start":{"line":4,"column":0},"end":{"line":6,"column":1}},"2":{"start":{"line":5,"column":4},"end":{"line":5,"column":66}},"3":{"start":{"line":7,"column":0},"end":{"line":9,"column":1}},"4":{"start":{"line":8,"column":4},"end":{"line":8,"column":76}},"5":{"start":{"line":10,"column":0},"end":{"line":13,"column":1}},"6":{"start":{"line":11,"column":4},"end":{"line":11,"column":41}},"7":{"start":{"line":12,"column":4},"end":{"line":12,"column":66}},"8":{"start":{"line":14,"column":0},"end":{"line":16,"column":1}},"9":{"start":{"line":15,"column":4},"end":{"line":15,"column":73}},"10":{"start":{"line":18,"column":0},"end":{"line":21,"column":1}},"11":{"start":{"line":19,"column":15},"end":{"line":19,"column":134}},"12":{"start":{"line":20,"column":4},"end":{"line":20,"column":26}},"13":{"start":{"line":34,"column":0},"end":{"line":34,"column":23}}},"fnMap":{"0":{"name":"(anonymous_0)","decl":{"start":{"line":4,"column":17},"end":{"line":4,"column":18}},"loc":{"start":{"line":4,"column":37},"end":{"line":6,"column":1}},"line":4},"1":{"name":"(anonymous_1)","decl":{"start":{"line":7,"column":20},"end":{"line":7,"column":21}},"loc":{"start":{"line":7,"column":40},"end":{"line":9,"column":1}},"line":7},"2":{"name":"(anonymous_2)","decl":{"start":{"line":10,"column":21},"end":{"line":10,"column":22}},"loc":{"start":{"line":10,"column":41},"end":{"line":13,"column":1}},"line":10},"3":{"name":"(anonymous_3)","decl":{"start":{"line":14,"column":15},"end":{"line":14,"column":16}},"loc":{"start":{"line":14,"column":35},"end":{"line":16,"column":1}},"line":14},"4":{"name":"(anonymous_4)","decl":{"start":{"line":18,"column":23},"end":{"line":18,"column":24}},"loc":{"start":{"line":18,"column":34},"end":{"line":21,"column":1}},"line":18}},"branchMap":{"0":{"loc":{"start":{"line":4,"column":18},"end":{"line":4,"column":32}},"type":"default-arg","locations":[{"start":{"line":4,"column":30},"end":{"line":4,"column":32}}],"line":4},"1":{"loc":{"start":{"line":7,"column":21},"end":{"line":7,"column":35}},"type":"default-arg","locations":[{"start":{"line":7,"column":33},"end":{"line":7,"column":35}}],"line":7},"2":{"loc":{"start":{"line":10,"column":22},"end":{"line":10,"column":36}},"type":"default-arg","locations":[{"start":{"line":10,"column":34},"end":{"line":10,"column":36}}],"line":10},"3":{"loc":{"start":{"line":14,"column":16},"end":{"line":14,"column":30}},"type":"default-arg","locations":[{"start":{"line":14,"column":28},"end":{"line":14,"column":30}}],"line":14}},"s":{"0":0,"1":0,"2":0,"3":0,"4":0,"5":0,"6":0,"7":0,"8":0,"9":0,"10":0,"11":0,"12":0,"13":0},"f":{"0":0,"1":0,"2":0,"3":0,"4":0},"b":{"0":[0],"1":[0],"2":[0],"3":[0]},"all":true},"E:\\quanlyhs\\quanlyhs_be\\api\\services\\constant.js":{"path":"E:\\quanlyhs\\quanlyhs_be\\api\\services\\constant.js","statementMap":{"0":{"start":{"line":1,"column":0},"end":{"line":25,"column":1}}},"fnMap":{},"branchMap":{},"s":{"0":0},"f":{},"b":{},"all":true},"E:\\quanlyhs\\quanlyhs_be\\api\\services\\JwtService.js":{"path":"E:\\quanlyhs\\quanlyhs_be\\api\\services\\JwtService.js","statementMap":{"0":{"start":{"line":1,"column":12},"end":{"line":1,"column":35}},"1":{"start":{"line":3,"column":0},"end":{"line":15,"column":2}},"2":{"start":{"line":5,"column":4},"end":{"line":9,"column":6}},"3":{"start":{"line":13,"column":4},"end":{"line":13,"column":101}}},"fnMap":{"0":{"name":"(anonymous_0)","decl":{"start":{"line":4,"column":2},"end":{"line":4,"column":3}},"loc":{"start":{"line":4,"column":17},"end":{"line":10,"column":3}},"line":4},"1":{"name":"(anonymous_1)","decl":{"start":{"line":12,"column":2},"end":{"line":12,"column":3}},"loc":{"start":{"line":12,"column":26},"end":{"line":14,"column":3}},"line":12}},"branchMap":{"0":{"loc":{"start":{"line":7,"column":6},"end":{"line":7,"column":66}},"type":"binary-expr","locations":[{"start":{"line":7,"column":6},"end":{"line":7,"column":28}},{"start":{"line":7,"column":32},"end":{"line":7,"column":66}}],"line":7},"1":{"loc":{"start":{"line":13,"column":29},"end":{"line":13,"column":89}},"type":"binary-expr","locations":[{"start":{"line":13,"column":29},"end":{"line":13,"column":51}},{"start":{"line":13,"column":55},"end":{"line":13,"column":89}}],"line":13}},"s":{"0":0,"1":0,"2":0,"3":0},"f":{"0":0,"1":0},"b":{"0":[0,0],"1":[0,0]},"all":true},"E:\\quanlyhs\\quanlyhs_be\\api\\services\\user.js":{"path":"E:\\quanlyhs\\quanlyhs_be\\api\\services\\user.js","statementMap":{"0":{"start":{"line":1,"column":13},"end":{"line":1,"column":28}},"1":{"start":{"line":3,"column":0},"end":{"line":10,"column":1}},"2":{"start":{"line":5,"column":8},"end":{"line":5,"column":25}}},"fnMap":{"0":{"name":"(anonymous_0)","decl":{"start":{"line":4,"column":13},"end":{"line":4,"column":14}},"loc":{"start":{"line":4,"column":25},"end":{"line":6,"column":5}},"line":4}},"branchMap":{},"s":{"0":0,"1":0,"2":0},"f":{"0":0},"b":{},"all":true}}